{
  "C:\\Users\\Abimanyu\\Desktop\\markaz\\markaz-pillar-fe\\src\\context\\AppReducer.js": {
    "path": "C:\\Users\\Abimanyu\\Desktop\\markaz\\markaz-pillar-fe\\src\\context\\AppReducer.js",
    "statementMap": {
      "0": {
        "start": {
          "line": 3,
          "column": 29
        },
        "end": {
          "line": 12,
          "column": 1
        }
      },
      "1": {
        "start": {
          "line": 14,
          "column": 24
        },
        "end": {
          "line": 17,
          "column": 1
        }
      },
      "2": {
        "start": {
          "line": 19,
          "column": 30
        },
        "end": {
          "line": 23,
          "column": 1
        }
      },
      "3": {
        "start": {
          "line": 25,
          "column": 26
        },
        "end": {
          "line": 37,
          "column": 1
        }
      },
      "4": {
        "start": {
          "line": 39,
          "column": 35
        },
        "end": {
          "line": 42,
          "column": 1
        }
      },
      "5": {
        "start": {
          "line": 45,
          "column": 31
        },
        "end": {
          "line": 63,
          "column": 1
        }
      },
      "6": {
        "start": {
          "line": 53,
          "column": 8
        },
        "end": {
          "line": 53,
          "column": 20
        }
      },
      "7": {
        "start": {
          "line": 54,
          "column": 4
        },
        "end": {
          "line": 62,
          "column": 5
        }
      },
      "8": {
        "start": {
          "line": 66,
          "column": 28
        },
        "end": {
          "line": 74,
          "column": 1
        }
      },
      "9": {
        "start": {
          "line": 77,
          "column": 26
        },
        "end": {
          "line": 161,
          "column": 1
        }
      },
      "10": {
        "start": {
          "line": 79,
          "column": 4
        },
        "end": {
          "line": 160,
          "column": 5
        }
      },
      "11": {
        "start": {
          "line": 81,
          "column": 12
        },
        "end": {
          "line": 89,
          "column": 13
        }
      },
      "12": {
        "start": {
          "line": 92,
          "column": 12
        },
        "end": {
          "line": 96,
          "column": 13
        }
      },
      "13": {
        "start": {
          "line": 99,
          "column": 12
        },
        "end": {
          "line": 107,
          "column": 13
        }
      },
      "14": {
        "start": {
          "line": 111,
          "column": 12
        },
        "end": {
          "line": 119,
          "column": 13
        }
      },
      "15": {
        "start": {
          "line": 122,
          "column": 12
        },
        "end": {
          "line": 130,
          "column": 13
        }
      },
      "16": {
        "start": {
          "line": 133,
          "column": 12
        },
        "end": {
          "line": 136,
          "column": 13
        }
      },
      "17": {
        "start": {
          "line": 139,
          "column": 12
        },
        "end": {
          "line": 147,
          "column": 13
        }
      },
      "18": {
        "start": {
          "line": 150,
          "column": 12
        },
        "end": {
          "line": 154,
          "column": 13
        }
      },
      "19": {
        "start": {
          "line": 157,
          "column": 12
        },
        "end": {
          "line": 159,
          "column": 13
        }
      }
    },
    "fnMap": {
      "0": {
        "name": "(anonymous_0)",
        "decl": {
          "start": {
            "line": 45,
            "column": 31
          },
          "end": {
            "line": 45,
            "column": 32
          }
        },
        "loc": {
          "start": {
            "line": 45,
            "column": 47
          },
          "end": {
            "line": 63,
            "column": 1
          }
        },
        "line": 45
      },
      "1": {
        "name": "(anonymous_1)",
        "decl": {
          "start": {
            "line": 77,
            "column": 26
          },
          "end": {
            "line": 77,
            "column": 27
          }
        },
        "loc": {
          "start": {
            "line": 77,
            "column": 45
          },
          "end": {
            "line": 161,
            "column": 1
          }
        },
        "line": 77
      }
    },
    "branchMap": {
      "0": {
        "loc": {
          "start": {
            "line": 79,
            "column": 4
          },
          "end": {
            "line": 160,
            "column": 5
          }
        },
        "type": "switch",
        "locations": [
          {
            "start": {
              "line": 80,
              "column": 8
            },
            "end": {
              "line": 90,
              "column": 9
            }
          },
          {
            "start": {
              "line": 91,
              "column": 8
            },
            "end": {
              "line": 97,
              "column": 9
            }
          },
          {
            "start": {
              "line": 98,
              "column": 8
            },
            "end": {
              "line": 108,
              "column": 9
            }
          },
          {
            "start": {
              "line": 110,
              "column": 8
            },
            "end": {
              "line": 120,
              "column": 9
            }
          },
          {
            "start": {
              "line": 121,
              "column": 8
            },
            "end": {
              "line": 131,
              "column": 9
            }
          },
          {
            "start": {
              "line": 132,
              "column": 8
            },
            "end": {
              "line": 137,
              "column": 9
            }
          },
          {
            "start": {
              "line": 138,
              "column": 8
            },
            "end": {
              "line": 148,
              "column": 9
            }
          },
          {
            "start": {
              "line": 149,
              "column": 8
            },
            "end": {
              "line": 155,
              "column": 9
            }
          },
          {
            "start": {
              "line": 156,
              "column": 8
            },
            "end": {
              "line": 159,
              "column": 13
            }
          }
        ],
        "line": 79
      }
    },
    "s": {
      "0": 297,
      "1": 297,
      "2": 297,
      "3": 297,
      "4": 297,
      "5": 297,
      "6": 889,
      "7": 889,
      "8": 297,
      "9": 297,
      "10": 32,
      "11": 8,
      "12": 8,
      "13": 8,
      "14": 8,
      "15": 0,
      "16": 0,
      "17": 0,
      "18": 0,
      "19": 0
    },
    "f": {
      "0": 889,
      "1": 32
    },
    "b": {
      "0": [
        8,
        8,
        8,
        8,
        0,
        0,
        0,
        0,
        0
      ]
    },
    "_coverageSchema": "1a1c01bbd47fc00a2c39e90264f33305004495a9",
    "hash": "18f38c6fecc85bcaedb89829c7d894f0503989d9"
  },
  "C:\\Users\\Abimanyu\\Desktop\\markaz\\markaz-pillar-fe\\src\\context\\AppContext.js": {
    "path": "C:\\Users\\Abimanyu\\Desktop\\markaz\\markaz-pillar-fe\\src\\context\\AppContext.js",
    "statementMap": {
      "0": {
        "start": {
          "line": 5,
          "column": 19
        },
        "end": {
          "line": 5,
          "column": 34
        }
      },
      "1": {
        "start": {
          "line": 8,
          "column": 28
        },
        "end": {
          "line": 8,
          "column": 81
        }
      },
      "2": {
        "start": {
          "line": 10,
          "column": 23
        },
        "end": {
          "line": 12,
          "column": 23
        }
      },
      "3": {
        "start": {
          "line": 11,
          "column": 4
        },
        "end": {
          "line": 11,
          "column": 31
        }
      },
      "4": {
        "start": {
          "line": 14,
          "column": 2
        },
        "end": {
          "line": 34,
          "column": 9
        }
      },
      "5": {
        "start": {
          "line": 16,
          "column": 33
        },
        "end": {
          "line": 16,
          "column": 80
        }
      },
      "6": {
        "start": {
          "line": 17,
          "column": 33
        },
        "end": {
          "line": 17,
          "column": 84
        }
      },
      "7": {
        "start": {
          "line": 18,
          "column": 30
        },
        "end": {
          "line": 18,
          "column": 84
        }
      },
      "8": {
        "start": {
          "line": 19,
          "column": 31
        },
        "end": {
          "line": 19,
          "column": 86
        }
      },
      "9": {
        "start": {
          "line": 22,
          "column": 4
        },
        "end": {
          "line": 33,
          "column": 5
        }
      },
      "10": {
        "start": {
          "line": 24,
          "column": 6
        },
        "end": {
          "line": 32,
          "column": 8
        }
      },
      "11": {
        "start": {
          "line": 36,
          "column": 2
        },
        "end": {
          "line": 44,
          "column": 14
        }
      },
      "12": {
        "start": {
          "line": 38,
          "column": 4
        },
        "end": {
          "line": 43,
          "column": 5
        }
      },
      "13": {
        "start": {
          "line": 39,
          "column": 6
        },
        "end": {
          "line": 39,
          "column": 76
        }
      },
      "14": {
        "start": {
          "line": 40,
          "column": 6
        },
        "end": {
          "line": 40,
          "column": 84
        }
      },
      "15": {
        "start": {
          "line": 41,
          "column": 6
        },
        "end": {
          "line": 41,
          "column": 90
        }
      },
      "16": {
        "start": {
          "line": 42,
          "column": 6
        },
        "end": {
          "line": 42,
          "column": 92
        }
      },
      "17": {
        "start": {
          "line": 46,
          "column": 2
        },
        "end": {
          "line": 50,
          "column": 4
        }
      },
      "18": {
        "start": {
          "line": 54,
          "column": 2
        },
        "end": {
          "line": 54,
          "column": 32
        }
      }
    },
    "fnMap": {
      "0": {
        "name": "AppWrapper",
        "decl": {
          "start": {
            "line": 7,
            "column": 16
          },
          "end": {
            "line": 7,
            "column": 26
          }
        },
        "loc": {
          "start": {
            "line": 7,
            "column": 41
          },
          "end": {
            "line": 51,
            "column": 1
          }
        },
        "line": 7
      },
      "1": {
        "name": "(anonymous_1)",
        "decl": {
          "start": {
            "line": 10,
            "column": 31
          },
          "end": {
            "line": 10,
            "column": 32
          }
        },
        "loc": {
          "start": {
            "line": 10,
            "column": 37
          },
          "end": {
            "line": 12,
            "column": 3
          }
        },
        "line": 10
      },
      "2": {
        "name": "(anonymous_2)",
        "decl": {
          "start": {
            "line": 14,
            "column": 12
          },
          "end": {
            "line": 14,
            "column": 13
          }
        },
        "loc": {
          "start": {
            "line": 14,
            "column": 18
          },
          "end": {
            "line": 34,
            "column": 3
          }
        },
        "line": 14
      },
      "3": {
        "name": "(anonymous_3)",
        "decl": {
          "start": {
            "line": 36,
            "column": 12
          },
          "end": {
            "line": 36,
            "column": 13
          }
        },
        "loc": {
          "start": {
            "line": 36,
            "column": 18
          },
          "end": {
            "line": 44,
            "column": 3
          }
        },
        "line": 36
      },
      "4": {
        "name": "useAppContext",
        "decl": {
          "start": {
            "line": 53,
            "column": 16
          },
          "end": {
            "line": 53,
            "column": 29
          }
        },
        "loc": {
          "start": {
            "line": 53,
            "column": 32
          },
          "end": {
            "line": 55,
            "column": 1
          }
        },
        "line": 53
      }
    },
    "branchMap": {
      "0": {
        "loc": {
          "start": {
            "line": 22,
            "column": 4
          },
          "end": {
            "line": 33,
            "column": 5
          }
        },
        "type": "if",
        "locations": [
          {
            "start": {
              "line": 22,
              "column": 4
            },
            "end": {
              "line": 33,
              "column": 5
            }
          },
          {
            "start": {
              "line": 22,
              "column": 4
            },
            "end": {
              "line": 33,
              "column": 5
            }
          }
        ],
        "line": 22
      },
      "1": {
        "loc": {
          "start": {
            "line": 38,
            "column": 4
          },
          "end": {
            "line": 43,
            "column": 5
          }
        },
        "type": "if",
        "locations": [
          {
            "start": {
              "line": 38,
              "column": 4
            },
            "end": {
              "line": 43,
              "column": 5
            }
          },
          {
            "start": {
              "line": 38,
              "column": 4
            },
            "end": {
              "line": 43,
              "column": 5
            }
          }
        ],
        "line": 38
      }
    },
    "s": {
      "0": 297,
      "1": 963,
      "2": 963,
      "3": 953,
      "4": 963,
      "5": 139,
      "6": 139,
      "7": 139,
      "8": 139,
      "9": 139,
      "10": 0,
      "11": 963,
      "12": 171,
      "13": 171,
      "14": 171,
      "15": 171,
      "16": 171,
      "17": 963,
      "18": 6513
    },
    "f": {
      "0": 963,
      "1": 953,
      "2": 139,
      "3": 171,
      "4": 6513
    },
    "b": {
      "0": [
        0,
        139
      ],
      "1": [
        171,
        0
      ]
    },
    "_coverageSchema": "1a1c01bbd47fc00a2c39e90264f33305004495a9",
    "hash": "b02bd204d00a75370b9d0b3d58ed751a63483812"
  },
  "C:\\Users\\Abimanyu\\Desktop\\markaz\\markaz-pillar-fe\\src\\component\\modules\\NavbarDesktop.jsx": {
    "path": "C:\\Users\\Abimanyu\\Desktop\\markaz\\markaz-pillar-fe\\src\\component\\modules\\NavbarDesktop.jsx",
    "statementMap": {
      "0": {
        "start": {
          "line": 12,
          "column": 32
        },
        "end": {
          "line": 12,
          "column": 47
        }
      },
      "1": {
        "start": {
          "line": 13,
          "column": 23
        },
        "end": {
          "line": 13,
          "column": 47
        }
      },
      "2": {
        "start": {
          "line": 13,
          "column": 29
        },
        "end": {
          "line": 13,
          "column": 47
        }
      },
      "3": {
        "start": {
          "line": 14,
          "column": 22
        },
        "end": {
          "line": 14,
          "column": 37
        }
      },
      "4": {
        "start": {
          "line": 15,
          "column": 32
        },
        "end": {
          "line": 15,
          "column": 37
        }
      },
      "5": {
        "start": {
          "line": 17,
          "column": 4
        },
        "end": {
          "line": 80,
          "column": 5
        }
      }
    },
    "fnMap": {
      "0": {
        "name": "NavbarDesktop",
        "decl": {
          "start": {
            "line": 11,
            "column": 9
          },
          "end": {
            "line": 11,
            "column": 22
          }
        },
        "loc": {
          "start": {
            "line": 11,
            "column": 25
          },
          "end": {
            "line": 81,
            "column": 1
          }
        },
        "line": 11
      },
      "1": {
        "name": "(anonymous_1)",
        "decl": {
          "start": {
            "line": 13,
            "column": 23
          },
          "end": {
            "line": 13,
            "column": 24
          }
        },
        "loc": {
          "start": {
            "line": 13,
            "column": 29
          },
          "end": {
            "line": 13,
            "column": 47
          }
        },
        "line": 13
      }
    },
    "branchMap": {
      "0": {
        "loc": {
          "start": {
            "line": 24,
            "column": 35
          },
          "end": {
            "line": 25,
            "column": 77
          }
        },
        "type": "cond-expr",
        "locations": [
          {
            "start": {
              "line": 25,
              "column": 24
            },
            "end": {
              "line": 25,
              "column": 38
            }
          },
          {
            "start": {
              "line": 25,
              "column": 41
            },
            "end": {
              "line": 25,
              "column": 77
            }
          }
        ],
        "line": 24
      },
      "1": {
        "loc": {
          "start": {
            "line": 27,
            "column": 40
          },
          "end": {
            "line": 27,
            "column": 110
          }
        },
        "type": "cond-expr",
        "locations": [
          {
            "start": {
              "line": 27,
              "column": 83
            },
            "end": {
              "line": 27,
              "column": 92
            }
          },
          {
            "start": {
              "line": 27,
              "column": 95
            },
            "end": {
              "line": 27,
              "column": 110
            }
          }
        ],
        "line": 27
      },
      "2": {
        "loc": {
          "start": {
            "line": 28,
            "column": 46
          },
          "end": {
            "line": 29,
            "column": 89
          }
        },
        "type": "cond-expr",
        "locations": [
          {
            "start": {
              "line": 29,
              "column": 36
            },
            "end": {
              "line": 29,
              "column": 50
            }
          },
          {
            "start": {
              "line": 29,
              "column": 53
            },
            "end": {
              "line": 29,
              "column": 89
            }
          }
        ],
        "line": 28
      },
      "3": {
        "loc": {
          "start": {
            "line": 34,
            "column": 40
          },
          "end": {
            "line": 34,
            "column": 110
          }
        },
        "type": "cond-expr",
        "locations": [
          {
            "start": {
              "line": 34,
              "column": 83
            },
            "end": {
              "line": 34,
              "column": 92
            }
          },
          {
            "start": {
              "line": 34,
              "column": 95
            },
            "end": {
              "line": 34,
              "column": 110
            }
          }
        ],
        "line": 34
      },
      "4": {
        "loc": {
          "start": {
            "line": 35,
            "column": 46
          },
          "end": {
            "line": 36,
            "column": 89
          }
        },
        "type": "cond-expr",
        "locations": [
          {
            "start": {
              "line": 36,
              "column": 36
            },
            "end": {
              "line": 36,
              "column": 50
            }
          },
          {
            "start": {
              "line": 36,
              "column": 53
            },
            "end": {
              "line": 36,
              "column": 89
            }
          }
        ],
        "line": 35
      },
      "5": {
        "loc": {
          "start": {
            "line": 42,
            "column": 46
          },
          "end": {
            "line": 43,
            "column": 89
          }
        },
        "type": "cond-expr",
        "locations": [
          {
            "start": {
              "line": 43,
              "column": 36
            },
            "end": {
              "line": 43,
              "column": 50
            }
          },
          {
            "start": {
              "line": 43,
              "column": 53
            },
            "end": {
              "line": 43,
              "column": 89
            }
          }
        ],
        "line": 42
      },
      "6": {
        "loc": {
          "start": {
            "line": 49,
            "column": 46
          },
          "end": {
            "line": 50,
            "column": 89
          }
        },
        "type": "cond-expr",
        "locations": [
          {
            "start": {
              "line": 50,
              "column": 36
            },
            "end": {
              "line": 50,
              "column": 50
            }
          },
          {
            "start": {
              "line": 50,
              "column": 53
            },
            "end": {
              "line": 50,
              "column": 89
            }
          }
        ],
        "line": 49
      },
      "7": {
        "loc": {
          "start": {
            "line": 56,
            "column": 46
          },
          "end": {
            "line": 57,
            "column": 89
          }
        },
        "type": "cond-expr",
        "locations": [
          {
            "start": {
              "line": 57,
              "column": 36
            },
            "end": {
              "line": 57,
              "column": 50
            }
          },
          {
            "start": {
              "line": 57,
              "column": 53
            },
            "end": {
              "line": 57,
              "column": 89
            }
          }
        ],
        "line": 56
      },
      "8": {
        "loc": {
          "start": {
            "line": 63,
            "column": 46
          },
          "end": {
            "line": 64,
            "column": 89
          }
        },
        "type": "cond-expr",
        "locations": [
          {
            "start": {
              "line": 64,
              "column": 36
            },
            "end": {
              "line": 64,
              "column": 50
            }
          },
          {
            "start": {
              "line": 64,
              "column": 53
            },
            "end": {
              "line": 64,
              "column": 89
            }
          }
        ],
        "line": 63
      },
      "9": {
        "loc": {
          "start": {
            "line": 69,
            "column": 41
          },
          "end": {
            "line": 70,
            "column": 81
          }
        },
        "type": "cond-expr",
        "locations": [
          {
            "start": {
              "line": 70,
              "column": 24
            },
            "end": {
              "line": 70,
              "column": 40
            }
          },
          {
            "start": {
              "line": 70,
              "column": 43
            },
            "end": {
              "line": 70,
              "column": 81
            }
          }
        ],
        "line": 69
      }
    },
    "s": {
      "0": 261,
      "1": 261,
      "2": 0,
      "3": 261,
      "4": 261,
      "5": 261
    },
    "f": {
      "0": 261,
      "1": 0
    },
    "b": {
      "0": [
        261,
        0
      ],
      "1": [
        0,
        261
      ],
      "2": [
        261,
        0
      ],
      "3": [
        0,
        261
      ],
      "4": [
        261,
        0
      ],
      "5": [
        261,
        0
      ],
      "6": [
        261,
        0
      ],
      "7": [
        261,
        0
      ],
      "8": [
        261,
        0
      ],
      "9": [
        261,
        0
      ]
    },
    "_coverageSchema": "1a1c01bbd47fc00a2c39e90264f33305004495a9",
    "hash": "a42f4b83a9551df9eb74a80f43e3c358716921f8"
  },
  "C:\\Users\\Abimanyu\\Desktop\\markaz\\markaz-pillar-fe\\src\\component\\layout.js": {
    "path": "C:\\Users\\Abimanyu\\Desktop\\markaz\\markaz-pillar-fe\\src\\component\\layout.js",
    "statementMap": {
      "0": {
        "start": {
          "line": 10,
          "column": 19
        },
        "end": {
          "line": 10,
          "column": 30
        }
      },
      "1": {
        "start": {
          "line": 11,
          "column": 23
        },
        "end": {
          "line": 11,
          "column": 90
        }
      },
      "2": {
        "start": {
          "line": 13,
          "column": 32
        },
        "end": {
          "line": 13,
          "column": 47
        }
      },
      "3": {
        "start": {
          "line": 14,
          "column": 48
        },
        "end": {
          "line": 14,
          "column": 53
        }
      },
      "4": {
        "start": {
          "line": 16,
          "column": 4
        },
        "end": {
          "line": 18,
          "column": 24
        }
      },
      "5": {
        "start": {
          "line": 19,
          "column": 4
        },
        "end": {
          "line": 34,
          "column": 5
        }
      },
      "6": {
        "start": {
          "line": 26,
          "column": 31
        },
        "end": {
          "line": 26,
          "column": 79
        }
      }
    },
    "fnMap": {
      "0": {
        "name": "Layout",
        "decl": {
          "start": {
            "line": 9,
            "column": 24
          },
          "end": {
            "line": 9,
            "column": 30
          }
        },
        "loc": {
          "start": {
            "line": 9,
            "column": 45
          },
          "end": {
            "line": 35,
            "column": 1
          }
        },
        "line": 9
      },
      "1": {
        "name": "(anonymous_1)",
        "decl": {
          "start": {
            "line": 16,
            "column": 14
          },
          "end": {
            "line": 16,
            "column": 15
          }
        },
        "loc": {
          "start": {
            "line": 16,
            "column": 20
          },
          "end": {
            "line": 18,
            "column": 5
          }
        },
        "line": 16
      },
      "2": {
        "name": "(anonymous_2)",
        "decl": {
          "start": {
            "line": 26,
            "column": 25
          },
          "end": {
            "line": 26,
            "column": 26
          }
        },
        "loc": {
          "start": {
            "line": 26,
            "column": 31
          },
          "end": {
            "line": 26,
            "column": 79
          }
        },
        "line": 26
      }
    },
    "branchMap": {
      "0": {
        "loc": {
          "start": {
            "line": 11,
            "column": 23
          },
          "end": {
            "line": 11,
            "column": 90
          }
        },
        "type": "binary-expr",
        "locations": [
          {
            "start": {
              "line": 11,
              "column": 23
            },
            "end": {
              "line": 11,
              "column": 51
            }
          },
          {
            "start": {
              "line": 11,
              "column": 55
            },
            "end": {
              "line": 11,
              "column": 90
            }
          }
        ],
        "line": 11
      },
      "1": {
        "loc": {
          "start": {
            "line": 21,
            "column": 13
          },
          "end": {
            "line": 21,
            "column": 44
          }
        },
        "type": "binary-expr",
        "locations": [
          {
            "start": {
              "line": 21,
              "column": 13
            },
            "end": {
              "line": 21,
              "column": 23
            }
          },
          {
            "start": {
              "line": 21,
              "column": 27
            },
            "end": {
              "line": 21,
              "column": 44
            }
          }
        ],
        "line": 21
      },
      "2": {
        "loc": {
          "start": {
            "line": 30,
            "column": 13
          },
          "end": {
            "line": 30,
            "column": 57
          }
        },
        "type": "binary-expr",
        "locations": [
          {
            "start": {
              "line": 30,
              "column": 13
            },
            "end": {
              "line": 30,
              "column": 23
            }
          },
          {
            "start": {
              "line": 30,
              "column": 27
            },
            "end": {
              "line": 30,
              "column": 57
            }
          }
        ],
        "line": 30
      },
      "3": {
        "loc": {
          "start": {
            "line": 32,
            "column": 13
          },
          "end": {
            "line": 32,
            "column": 61
          }
        },
        "type": "binary-expr",
        "locations": [
          {
            "start": {
              "line": 32,
              "column": 13
            },
            "end": {
              "line": 32,
              "column": 23
            }
          },
          {
            "start": {
              "line": 32,
              "column": 27
            },
            "end": {
              "line": 32,
              "column": 61
            }
          }
        ],
        "line": 32
      }
    },
    "s": {
      "0": 963,
      "1": 963,
      "2": 963,
      "3": 963,
      "4": 963,
      "5": 963,
      "6": 0
    },
    "f": {
      "0": 963,
      "1": 171,
      "2": 0
    },
    "b": {
      "0": [
        963,
        601
      ],
      "1": [
        963,
        261
      ],
      "2": [
        963,
        261
      ],
      "3": [
        963,
        261
      ]
    },
    "_coverageSchema": "1a1c01bbd47fc00a2c39e90264f33305004495a9",
    "hash": "157f2e3480a3abe9367f8cefec1911415c80816d"
  },
  "C:\\Users\\Abimanyu\\Desktop\\markaz\\markaz-pillar-fe\\src\\ProtectedRoutes.js": {
    "path": "C:\\Users\\Abimanyu\\Desktop\\markaz\\markaz-pillar-fe\\src\\ProtectedRoutes.js",
    "statementMap": {
      "0": {
        "start": {
          "line": 6,
          "column": 18
        },
        "end": {
          "line": 6,
          "column": 53
        }
      },
      "1": {
        "start": {
          "line": 6,
          "column": 24
        },
        "end": {
          "line": 6,
          "column": 53
        }
      },
      "2": {
        "start": {
          "line": 10,
          "column": 22
        },
        "end": {
          "line": 10,
          "column": 37
        }
      },
      "3": {
        "start": {
          "line": 11,
          "column": 32
        },
        "end": {
          "line": 11,
          "column": 37
        }
      },
      "4": {
        "start": {
          "line": 12,
          "column": 20
        },
        "end": {
          "line": 12,
          "column": 63
        }
      },
      "5": {
        "start": {
          "line": 17,
          "column": 29
        },
        "end": {
          "line": 17,
          "column": 80
        }
      },
      "6": {
        "start": {
          "line": 19,
          "column": 4
        },
        "end": {
          "line": 21,
          "column": 5
        }
      },
      "7": {
        "start": {
          "line": 20,
          "column": 8
        },
        "end": {
          "line": 20,
          "column": 38
        }
      },
      "8": {
        "start": {
          "line": 23,
          "column": 4
        },
        "end": {
          "line": 23,
          "column": 20
        }
      }
    },
    "fnMap": {
      "0": {
        "name": "(anonymous_0)",
        "decl": {
          "start": {
            "line": 6,
            "column": 18
          },
          "end": {
            "line": 6,
            "column": 19
          }
        },
        "loc": {
          "start": {
            "line": 6,
            "column": 24
          },
          "end": {
            "line": 6,
            "column": 53
          }
        },
        "line": 6
      },
      "1": {
        "name": "ProtectedRoute",
        "decl": {
          "start": {
            "line": 8,
            "column": 24
          },
          "end": {
            "line": 8,
            "column": 38
          }
        },
        "loc": {
          "start": {
            "line": 8,
            "column": 61
          },
          "end": {
            "line": 24,
            "column": 1
          }
        },
        "line": 8
      }
    },
    "branchMap": {
      "0": {
        "loc": {
          "start": {
            "line": 19,
            "column": 4
          },
          "end": {
            "line": 21,
            "column": 5
          }
        },
        "type": "if",
        "locations": [
          {
            "start": {
              "line": 19,
              "column": 4
            },
            "end": {
              "line": 21,
              "column": 5
            }
          },
          {
            "start": {
              "line": 19,
              "column": 4
            },
            "end": {
              "line": 21,
              "column": 5
            }
          }
        ],
        "line": 19
      },
      "1": {
        "loc": {
          "start": {
            "line": 19,
            "column": 8
          },
          "end": {
            "line": 19,
            "column": 54
          }
        },
        "type": "binary-expr",
        "locations": [
          {
            "start": {
              "line": 19,
              "column": 8
            },
            "end": {
              "line": 19,
              "column": 19
            }
          },
          {
            "start": {
              "line": 19,
              "column": 23
            },
            "end": {
              "line": 19,
              "column": 31
            }
          },
          {
            "start": {
              "line": 19,
              "column": 35
            },
            "end": {
              "line": 19,
              "column": 54
            }
          }
        ],
        "line": 19
      }
    },
    "s": {
      "0": 297,
      "1": 963,
      "2": 963,
      "3": 963,
      "4": 963,
      "5": 963,
      "6": 963,
      "7": 0,
      "8": 963
    },
    "f": {
      "0": 963,
      "1": 963
    },
    "b": {
      "0": [
        0,
        963
      ],
      "1": [
        963,
        412,
        396
      ]
    },
    "_coverageSchema": "1a1c01bbd47fc00a2c39e90264f33305004495a9",
    "hash": "33f71d85a6af9ddd4e53662ded1c81be74f1b83f"
  },
  "C:\\Users\\Abimanyu\\Desktop\\markaz\\markaz-pillar-fe\\src\\theme.js": {
    "path": "C:\\Users\\Abimanyu\\Desktop\\markaz\\markaz-pillar-fe\\src\\theme.js",
    "statementMap": {
      "0": {
        "start": {
          "line": 3,
          "column": 21
        },
        "end": {
          "line": 32,
          "column": 4
        }
      }
    },
    "fnMap": {},
    "branchMap": {},
    "s": {
      "0": 297
    },
    "f": {},
    "b": {},
    "_coverageSchema": "1a1c01bbd47fc00a2c39e90264f33305004495a9",
    "hash": "879acd915894905048032ecdee0f3741c8e14802"
  },
  "C:\\Users\\Abimanyu\\Desktop\\markaz\\markaz-pillar-fe\\src\\pages\\_app.js": {
    "path": "C:\\Users\\Abimanyu\\Desktop\\markaz\\markaz-pillar-fe\\src\\pages\\_app.js",
    "statementMap": {
      "0": {
        "start": {
          "line": 10,
          "column": 2
        },
        "end": {
          "line": 20,
          "column": 3
        }
      }
    },
    "fnMap": {
      "0": {
        "name": "MyApp",
        "decl": {
          "start": {
            "line": 9,
            "column": 9
          },
          "end": {
            "line": 9,
            "column": 14
          }
        },
        "loc": {
          "start": {
            "line": 9,
            "column": 49
          },
          "end": {
            "line": 21,
            "column": 1
          }
        },
        "line": 9
      }
    },
    "branchMap": {},
    "s": {
      "0": 899
    },
    "f": {
      "0": 899
    },
    "b": {},
    "_coverageSchema": "1a1c01bbd47fc00a2c39e90264f33305004495a9",
    "hash": "402d00c01a4645defaa72b820837e99a8053047a"
  },
  "C:\\Users\\Abimanyu\\Desktop\\markaz\\markaz-pillar-fe\\src\\component\\modules\\Copyright.jsx": {
    "path": "C:\\Users\\Abimanyu\\Desktop\\markaz\\markaz-pillar-fe\\src\\component\\modules\\Copyright.jsx",
    "statementMap": {
      "0": {
        "start": {
          "line": 6,
          "column": 2
        },
        "end": {
          "line": 15,
          "column": 4
        }
      }
    },
    "fnMap": {
      "0": {
        "name": "Copyright",
        "decl": {
          "start": {
            "line": 5,
            "column": 24
          },
          "end": {
            "line": 5,
            "column": 33
          }
        },
        "loc": {
          "start": {
            "line": 5,
            "column": 41
          },
          "end": {
            "line": 16,
            "column": 1
          }
        },
        "line": 5
      }
    },
    "branchMap": {},
    "s": {
      "0": 4326
    },
    "f": {
      "0": 4326
    },
    "b": {},
    "_coverageSchema": "1a1c01bbd47fc00a2c39e90264f33305004495a9",
    "hash": "c65af40d03234df6d35e3de7ab481d8aef481197"
  },
  "C:\\Users\\Abimanyu\\Desktop\\markaz\\markaz-pillar-fe\\src\\axiosInstances.js": {
    "path": "C:\\Users\\Abimanyu\\Desktop\\markaz\\markaz-pillar-fe\\src\\axiosInstances.js",
    "statementMap": {
      "0": {
        "start": {
          "line": 3,
          "column": 17
        },
        "end": {
          "line": 3,
          "column": 53
        }
      },
      "1": {
        "start": {
          "line": 5,
          "column": 0
        },
        "end": {
          "line": 5,
          "column": 34
        }
      },
      "2": {
        "start": {
          "line": 6,
          "column": 0
        },
        "end": {
          "line": 6,
          "column": 65
        }
      },
      "3": {
        "start": {
          "line": 8,
          "column": 25
        },
        "end": {
          "line": 14,
          "column": 2
        }
      },
      "4": {
        "start": {
          "line": 16,
          "column": 29
        },
        "end": {
          "line": 21,
          "column": 2
        }
      }
    },
    "fnMap": {},
    "branchMap": {},
    "s": {
      "0": 200,
      "1": 200,
      "2": 200,
      "3": 200,
      "4": 200
    },
    "f": {},
    "b": {},
    "_coverageSchema": "1a1c01bbd47fc00a2c39e90264f33305004495a9",
    "hash": "5313fce7511b8a44d0e55c23f26cdb9f7b9f64cc"
  },
  "C:\\Users\\Abimanyu\\Desktop\\markaz\\markaz-pillar-fe\\src\\pages\\login.js": {
    "path": "C:\\Users\\Abimanyu\\Desktop\\markaz\\markaz-pillar-fe\\src\\pages\\login.js",
    "statementMap": {
      "0": {
        "start": {
          "line": 31,
          "column": 17
        },
        "end": {
          "line": 31,
          "column": 28
        }
      },
      "1": {
        "start": {
          "line": 33,
          "column": 30
        },
        "end": {
          "line": 33,
          "column": 45
        }
      },
      "2": {
        "start": {
          "line": 34,
          "column": 26
        },
        "end": {
          "line": 34,
          "column": 31
        }
      },
      "3": {
        "start": {
          "line": 37,
          "column": 26
        },
        "end": {
          "line": 40,
          "column": 4
        }
      },
      "4": {
        "start": {
          "line": 41,
          "column": 28
        },
        "end": {
          "line": 41,
          "column": 43
        }
      },
      "5": {
        "start": {
          "line": 43,
          "column": 23
        },
        "end": {
          "line": 50,
          "column": 3
        }
      },
      "6": {
        "start": {
          "line": 44,
          "column": 28
        },
        "end": {
          "line": 44,
          "column": 34
        }
      },
      "7": {
        "start": {
          "line": 45,
          "column": 4
        },
        "end": {
          "line": 48,
          "column": 8
        }
      },
      "8": {
        "start": {
          "line": 45,
          "column": 23
        },
        "end": {
          "line": 48,
          "column": 5
        }
      },
      "9": {
        "start": {
          "line": 49,
          "column": 4
        },
        "end": {
          "line": 49,
          "column": 20
        }
      },
      "10": {
        "start": {
          "line": 53,
          "column": 23
        },
        "end": {
          "line": 77,
          "column": 3
        }
      },
      "11": {
        "start": {
          "line": 54,
          "column": 4
        },
        "end": {
          "line": 54,
          "column": 27
        }
      },
      "12": {
        "start": {
          "line": 55,
          "column": 4
        },
        "end": {
          "line": 76,
          "column": 8
        }
      },
      "13": {
        "start": {
          "line": 58,
          "column": 8
        },
        "end": {
          "line": 58,
          "column": 43
        }
      },
      "14": {
        "start": {
          "line": 59,
          "column": 27
        },
        "end": {
          "line": 59,
          "column": 70
        }
      },
      "15": {
        "start": {
          "line": 60,
          "column": 8
        },
        "end": {
          "line": 68,
          "column": 11
        }
      },
      "16": {
        "start": {
          "line": 71,
          "column": 8
        },
        "end": {
          "line": 71,
          "column": 44
        }
      },
      "17": {
        "start": {
          "line": 72,
          "column": 8
        },
        "end": {
          "line": 72,
          "column": 22
        }
      },
      "18": {
        "start": {
          "line": 73,
          "column": 8
        },
        "end": {
          "line": 75,
          "column": 10
        }
      },
      "19": {
        "start": {
          "line": 79,
          "column": 2
        },
        "end": {
          "line": 83,
          "column": 27
        }
      },
      "20": {
        "start": {
          "line": 80,
          "column": 4
        },
        "end": {
          "line": 82,
          "column": 5
        }
      },
      "21": {
        "start": {
          "line": 81,
          "column": 6
        },
        "end": {
          "line": 81,
          "column": 29
        }
      },
      "22": {
        "start": {
          "line": 86,
          "column": 26
        },
        "end": {
          "line": 86,
          "column": 41
        }
      },
      "23": {
        "start": {
          "line": 87,
          "column": 34
        },
        "end": {
          "line": 89,
          "column": 3
        }
      },
      "24": {
        "start": {
          "line": 88,
          "column": 4
        },
        "end": {
          "line": 88,
          "column": 18
        }
      },
      "25": {
        "start": {
          "line": 90,
          "column": 2
        },
        "end": {
          "line": 202,
          "column": 4
        }
      }
    },
    "fnMap": {
      "0": {
        "name": "Login",
        "decl": {
          "start": {
            "line": 30,
            "column": 24
          },
          "end": {
            "line": 30,
            "column": 29
          }
        },
        "loc": {
          "start": {
            "line": 30,
            "column": 32
          },
          "end": {
            "line": 203,
            "column": 1
          }
        },
        "line": 30
      },
      "1": {
        "name": "(anonymous_1)",
        "decl": {
          "start": {
            "line": 43,
            "column": 23
          },
          "end": {
            "line": 43,
            "column": 24
          }
        },
        "loc": {
          "start": {
            "line": 43,
            "column": 39
          },
          "end": {
            "line": 50,
            "column": 3
          }
        },
        "line": 43
      },
      "2": {
        "name": "(anonymous_2)",
        "decl": {
          "start": {
            "line": 45,
            "column": 12
          },
          "end": {
            "line": 45,
            "column": 13
          }
        },
        "loc": {
          "start": {
            "line": 45,
            "column": 23
          },
          "end": {
            "line": 48,
            "column": 5
          }
        },
        "line": 45
      },
      "3": {
        "name": "(anonymous_3)",
        "decl": {
          "start": {
            "line": 53,
            "column": 23
          },
          "end": {
            "line": 53,
            "column": 24
          }
        },
        "loc": {
          "start": {
            "line": 53,
            "column": 40
          },
          "end": {
            "line": 77,
            "column": 3
          }
        },
        "line": 53
      },
      "4": {
        "name": "(anonymous_4)",
        "decl": {
          "start": {
            "line": 57,
            "column": 12
          },
          "end": {
            "line": 57,
            "column": 13
          }
        },
        "loc": {
          "start": {
            "line": 57,
            "column": 24
          },
          "end": {
            "line": 69,
            "column": 7
          }
        },
        "line": 57
      },
      "5": {
        "name": "(anonymous_5)",
        "decl": {
          "start": {
            "line": 70,
            "column": 13
          },
          "end": {
            "line": 70,
            "column": 14
          }
        },
        "loc": {
          "start": {
            "line": 70,
            "column": 18
          },
          "end": {
            "line": 76,
            "column": 7
          }
        },
        "line": 70
      },
      "6": {
        "name": "(anonymous_6)",
        "decl": {
          "start": {
            "line": 79,
            "column": 12
          },
          "end": {
            "line": 79,
            "column": 13
          }
        },
        "loc": {
          "start": {
            "line": 79,
            "column": 18
          },
          "end": {
            "line": 83,
            "column": 3
          }
        },
        "line": 79
      },
      "7": {
        "name": "(anonymous_7)",
        "decl": {
          "start": {
            "line": 87,
            "column": 34
          },
          "end": {
            "line": 87,
            "column": 35
          }
        },
        "loc": {
          "start": {
            "line": 87,
            "column": 40
          },
          "end": {
            "line": 89,
            "column": 3
          }
        },
        "line": 87
      }
    },
    "branchMap": {
      "0": {
        "loc": {
          "start": {
            "line": 80,
            "column": 4
          },
          "end": {
            "line": 82,
            "column": 5
          }
        },
        "type": "if",
        "locations": [
          {
            "start": {
              "line": 80,
              "column": 4
            },
            "end": {
              "line": 82,
              "column": 5
            }
          },
          {
            "start": {
              "line": 80,
              "column": 4
            },
            "end": {
              "line": 82,
              "column": 5
            }
          }
        ],
        "line": 80
      },
      "1": {
        "loc": {
          "start": {
            "line": 142,
            "column": 23
          },
          "end": {
            "line": 142,
            "column": 93
          }
        },
        "type": "binary-expr",
        "locations": [
          {
            "start": {
              "line": 142,
              "column": 24
            },
            "end": {
              "line": 142,
              "column": 29
            }
          },
          {
            "start": {
              "line": 142,
              "column": 33
            },
            "end": {
              "line": 142,
              "column": 54
            }
          },
          {
            "start": {
              "line": 142,
              "column": 60
            },
            "end": {
              "line": 142,
              "column": 65
            }
          },
          {
            "start": {
              "line": 142,
              "column": 69
            },
            "end": {
              "line": 142,
              "column": 92
            }
          }
        ],
        "line": 142
      },
      "2": {
        "loc": {
          "start": {
            "line": 143,
            "column": 28
          },
          "end": {
            "line": 143,
            "column": 127
          }
        },
        "type": "binary-expr",
        "locations": [
          {
            "start": {
              "line": 143,
              "column": 29
            },
            "end": {
              "line": 143,
              "column": 34
            }
          },
          {
            "start": {
              "line": 143,
              "column": 38
            },
            "end": {
              "line": 143,
              "column": 59
            }
          },
          {
            "start": {
              "line": 143,
              "column": 64
            },
            "end": {
              "line": 143,
              "column": 66
            }
          },
          {
            "start": {
              "line": 143,
              "column": 71
            },
            "end": {
              "line": 143,
              "column": 76
            }
          },
          {
            "start": {
              "line": 143,
              "column": 80
            },
            "end": {
              "line": 143,
              "column": 103
            }
          },
          {
            "start": {
              "line": 143,
              "column": 107
            },
            "end": {
              "line": 143,
              "column": 126
            }
          }
        ],
        "line": 143
      },
      "3": {
        "loc": {
          "start": {
            "line": 149,
            "column": 23
          },
          "end": {
            "line": 149,
            "column": 110
          }
        },
        "type": "binary-expr",
        "locations": [
          {
            "start": {
              "line": 149,
              "column": 23
            },
            "end": {
              "line": 149,
              "column": 28
            }
          },
          {
            "start": {
              "line": 149,
              "column": 32
            },
            "end": {
              "line": 149,
              "column": 54
            }
          },
          {
            "start": {
              "line": 149,
              "column": 58
            },
            "end": {
              "line": 149,
              "column": 82
            }
          },
          {
            "start": {
              "line": 149,
              "column": 86
            },
            "end": {
              "line": 149,
              "column": 110
            }
          }
        ],
        "line": 149
      },
      "4": {
        "loc": {
          "start": {
            "line": 154,
            "column": 24
          },
          "end": {
            "line": 154,
            "column": 50
          }
        },
        "type": "cond-expr",
        "locations": [
          {
            "start": {
              "line": 154,
              "column": 31
            },
            "end": {
              "line": 154,
              "column": 37
            }
          },
          {
            "start": {
              "line": 154,
              "column": 40
            },
            "end": {
              "line": 154,
              "column": 50
            }
          }
        ],
        "line": 154
      },
      "5": {
        "loc": {
          "start": {
            "line": 166,
            "column": 25
          },
          "end": {
            "line": 166,
            "column": 66
          }
        },
        "type": "cond-expr",
        "locations": [
          {
            "start": {
              "line": 166,
              "column": 32
            },
            "end": {
              "line": 166,
              "column": 49
            }
          },
          {
            "start": {
              "line": 166,
              "column": 52
            },
            "end": {
              "line": 166,
              "column": 66
            }
          }
        ],
        "line": 166
      },
      "6": {
        "loc": {
          "start": {
            "line": 175,
            "column": 19
          },
          "end": {
            "line": 176,
            "column": 68
          }
        },
        "type": "binary-expr",
        "locations": [
          {
            "start": {
              "line": 175,
              "column": 19
            },
            "end": {
              "line": 175,
              "column": 24
            }
          },
          {
            "start": {
              "line": 175,
              "column": 28
            },
            "end": {
              "line": 175,
              "column": 54
            }
          },
          {
            "start": {
              "line": 175,
              "column": 58
            },
            "end": {
              "line": 175,
              "column": 80
            }
          },
          {
            "start": {
              "line": 175,
              "column": 84
            },
            "end": {
              "line": 175,
              "column": 108
            }
          },
          {
            "start": {
              "line": 175,
              "column": 112
            },
            "end": {
              "line": 175,
              "column": 136
            }
          },
          {
            "start": {
              "line": 176,
              "column": 20
            },
            "end": {
              "line": 176,
              "column": 68
            }
          }
        ],
        "line": 175
      }
    },
    "s": {
      "0": 1294,
      "1": 1286,
      "2": 1286,
      "3": 1286,
      "4": 1286,
      "5": 1286,
      "6": 440,
      "7": 440,
      "8": 816,
      "9": 440,
      "10": 1286,
      "11": 16,
      "12": 16,
      "13": 8,
      "14": 8,
      "15": 8,
      "16": 8,
      "17": 8,
      "18": 8,
      "19": 1286,
      "20": 59,
      "21": 8,
      "22": 1286,
      "23": 1286,
      "24": 14,
      "25": 1286
    },
    "f": {
      "0": 1294,
      "1": 440,
      "2": 816,
      "3": 16,
      "4": 8,
      "5": 8,
      "6": 59,
      "7": 14
    },
    "b": {
      "0": [
        8,
        51
      ],
      "1": [
        1286,
        32,
        1254,
        0
      ],
      "2": [
        1286,
        32,
        32,
        1286,
        32,
        0
      ],
      "3": [
        1286,
        32,
        1254,
        272
      ],
      "4": [
        14,
        1272
      ],
      "5": [
        14,
        1272
      ],
      "6": [
        1286,
        32,
        0,
        1286,
        304,
        224
      ]
    },
    "_coverageSchema": "1a1c01bbd47fc00a2c39e90264f33305004495a9",
    "hash": "a106852c470a0695579391235962c8dcd7aa4bac"
  },
  "C:\\Users\\Abimanyu\\Desktop\\markaz\\markaz-pillar-fe\\src\\pages\\registration.js": {
    "path": "C:\\Users\\Abimanyu\\Desktop\\markaz\\markaz-pillar-fe\\src\\pages\\registration.js",
    "statementMap": {
      "0": {
        "start": {
          "line": 29,
          "column": 17
        },
        "end": {
          "line": 29,
          "column": 53
        }
      },
      "1": {
        "start": {
          "line": 32,
          "column": 19
        },
        "end": {
          "line": 32,
          "column": 30
        }
      },
      "2": {
        "start": {
          "line": 34,
          "column": 32
        },
        "end": {
          "line": 34,
          "column": 47
        }
      },
      "3": {
        "start": {
          "line": 35,
          "column": 28
        },
        "end": {
          "line": 35,
          "column": 33
        }
      },
      "4": {
        "start": {
          "line": 37,
          "column": 28
        },
        "end": {
          "line": 44,
          "column": 6
        }
      },
      "5": {
        "start": {
          "line": 45,
          "column": 30
        },
        "end": {
          "line": 53,
          "column": 6
        }
      },
      "6": {
        "start": {
          "line": 55,
          "column": 25
        },
        "end": {
          "line": 65,
          "column": 5
        }
      },
      "7": {
        "start": {
          "line": 56,
          "column": 32
        },
        "end": {
          "line": 56,
          "column": 38
        }
      },
      "8": {
        "start": {
          "line": 57,
          "column": 8
        },
        "end": {
          "line": 60,
          "column": 12
        }
      },
      "9": {
        "start": {
          "line": 57,
          "column": 27
        },
        "end": {
          "line": 60,
          "column": 9
        }
      },
      "10": {
        "start": {
          "line": 61,
          "column": 8
        },
        "end": {
          "line": 64,
          "column": 12
        }
      },
      "11": {
        "start": {
          "line": 61,
          "column": 27
        },
        "end": {
          "line": 64,
          "column": 9
        }
      },
      "12": {
        "start": {
          "line": 67,
          "column": 25
        },
        "end": {
          "line": 103,
          "column": 5
        }
      },
      "13": {
        "start": {
          "line": 68,
          "column": 8
        },
        "end": {
          "line": 68,
          "column": 31
        }
      },
      "14": {
        "start": {
          "line": 71,
          "column": 8
        },
        "end": {
          "line": 102,
          "column": 14
        }
      },
      "15": {
        "start": {
          "line": 74,
          "column": 16
        },
        "end": {
          "line": 74,
          "column": 51
        }
      },
      "16": {
        "start": {
          "line": 75,
          "column": 35
        },
        "end": {
          "line": 75,
          "column": 78
        }
      },
      "17": {
        "start": {
          "line": 76,
          "column": 16
        },
        "end": {
          "line": 84,
          "column": 19
        }
      },
      "18": {
        "start": {
          "line": 88,
          "column": 16
        },
        "end": {
          "line": 88,
          "column": 54
        }
      },
      "19": {
        "start": {
          "line": 89,
          "column": 16
        },
        "end": {
          "line": 92,
          "column": 19
        }
      },
      "20": {
        "start": {
          "line": 89,
          "column": 34
        },
        "end": {
          "line": 92,
          "column": 17
        }
      },
      "21": {
        "start": {
          "line": 93,
          "column": 16
        },
        "end": {
          "line": 100,
          "column": 17
        }
      },
      "22": {
        "start": {
          "line": 94,
          "column": 20
        },
        "end": {
          "line": 99,
          "column": 22
        }
      },
      "23": {
        "start": {
          "line": 105,
          "column": 4
        },
        "end": {
          "line": 105,
          "column": 31
        }
      },
      "24": {
        "start": {
          "line": 106,
          "column": 4
        },
        "end": {
          "line": 110,
          "column": 29
        }
      },
      "25": {
        "start": {
          "line": 107,
          "column": 8
        },
        "end": {
          "line": 109,
          "column": 9
        }
      },
      "26": {
        "start": {
          "line": 108,
          "column": 12
        },
        "end": {
          "line": 108,
          "column": 35
        }
      },
      "27": {
        "start": {
          "line": 111,
          "column": 28
        },
        "end": {
          "line": 111,
          "column": 43
        }
      },
      "28": {
        "start": {
          "line": 112,
          "column": 36
        },
        "end": {
          "line": 114,
          "column": 5
        }
      },
      "29": {
        "start": {
          "line": 113,
          "column": 8
        },
        "end": {
          "line": 113,
          "column": 22
        }
      },
      "30": {
        "start": {
          "line": 116,
          "column": 4
        },
        "end": {
          "line": 286,
          "column": 6
        }
      }
    },
    "fnMap": {
      "0": {
        "name": "Registration",
        "decl": {
          "start": {
            "line": 31,
            "column": 24
          },
          "end": {
            "line": 31,
            "column": 36
          }
        },
        "loc": {
          "start": {
            "line": 31,
            "column": 39
          },
          "end": {
            "line": 287,
            "column": 1
          }
        },
        "line": 31
      },
      "1": {
        "name": "(anonymous_1)",
        "decl": {
          "start": {
            "line": 55,
            "column": 25
          },
          "end": {
            "line": 55,
            "column": 26
          }
        },
        "loc": {
          "start": {
            "line": 55,
            "column": 41
          },
          "end": {
            "line": 65,
            "column": 5
          }
        },
        "line": 55
      },
      "2": {
        "name": "(anonymous_2)",
        "decl": {
          "start": {
            "line": 57,
            "column": 16
          },
          "end": {
            "line": 57,
            "column": 17
          }
        },
        "loc": {
          "start": {
            "line": 57,
            "column": 27
          },
          "end": {
            "line": 60,
            "column": 9
          }
        },
        "line": 57
      },
      "3": {
        "name": "(anonymous_3)",
        "decl": {
          "start": {
            "line": 61,
            "column": 18
          },
          "end": {
            "line": 61,
            "column": 19
          }
        },
        "loc": {
          "start": {
            "line": 61,
            "column": 27
          },
          "end": {
            "line": 64,
            "column": 9
          }
        },
        "line": 61
      },
      "4": {
        "name": "(anonymous_4)",
        "decl": {
          "start": {
            "line": 67,
            "column": 25
          },
          "end": {
            "line": 67,
            "column": 26
          }
        },
        "loc": {
          "start": {
            "line": 67,
            "column": 42
          },
          "end": {
            "line": 103,
            "column": 5
          }
        },
        "line": 67
      },
      "5": {
        "name": "(anonymous_5)",
        "decl": {
          "start": {
            "line": 73,
            "column": 18
          },
          "end": {
            "line": 73,
            "column": 19
          }
        },
        "loc": {
          "start": {
            "line": 73,
            "column": 30
          },
          "end": {
            "line": 86,
            "column": 13
          }
        },
        "line": 73
      },
      "6": {
        "name": "(anonymous_6)",
        "decl": {
          "start": {
            "line": 87,
            "column": 19
          },
          "end": {
            "line": 87,
            "column": 20
          }
        },
        "loc": {
          "start": {
            "line": 87,
            "column": 24
          },
          "end": {
            "line": 102,
            "column": 13
          }
        },
        "line": 87
      },
      "7": {
        "name": "(anonymous_7)",
        "decl": {
          "start": {
            "line": 89,
            "column": 25
          },
          "end": {
            "line": 89,
            "column": 26
          }
        },
        "loc": {
          "start": {
            "line": 89,
            "column": 34
          },
          "end": {
            "line": 92,
            "column": 17
          }
        },
        "line": 89
      },
      "8": {
        "name": "(anonymous_8)",
        "decl": {
          "start": {
            "line": 106,
            "column": 14
          },
          "end": {
            "line": 106,
            "column": 15
          }
        },
        "loc": {
          "start": {
            "line": 106,
            "column": 20
          },
          "end": {
            "line": 110,
            "column": 5
          }
        },
        "line": 106
      },
      "9": {
        "name": "(anonymous_9)",
        "decl": {
          "start": {
            "line": 112,
            "column": 36
          },
          "end": {
            "line": 112,
            "column": 37
          }
        },
        "loc": {
          "start": {
            "line": 112,
            "column": 42
          },
          "end": {
            "line": 114,
            "column": 5
          }
        },
        "line": 112
      }
    },
    "branchMap": {
      "0": {
        "loc": {
          "start": {
            "line": 93,
            "column": 16
          },
          "end": {
            "line": 100,
            "column": 17
          }
        },
        "type": "if",
        "locations": [
          {
            "start": {
              "line": 93,
              "column": 16
            },
            "end": {
              "line": 100,
              "column": 17
            }
          },
          {
            "start": {
              "line": 93,
              "column": 16
            },
            "end": {
              "line": 100,
              "column": 17
            }
          }
        ],
        "line": 93
      },
      "1": {
        "loc": {
          "start": {
            "line": 107,
            "column": 8
          },
          "end": {
            "line": 109,
            "column": 9
          }
        },
        "type": "if",
        "locations": [
          {
            "start": {
              "line": 107,
              "column": 8
            },
            "end": {
              "line": 109,
              "column": 9
            }
          },
          {
            "start": {
              "line": 107,
              "column": 8
            },
            "end": {
              "line": 109,
              "column": 9
            }
          }
        ],
        "line": 107
      },
      "2": {
        "loc": {
          "start": {
            "line": 168,
            "column": 39
          },
          "end": {
            "line": 168,
            "column": 143
          }
        },
        "type": "binary-expr",
        "locations": [
          {
            "start": {
              "line": 168,
              "column": 40
            },
            "end": {
              "line": 168,
              "column": 62
            }
          },
          {
            "start": {
              "line": 168,
              "column": 66
            },
            "end": {
              "line": 168,
              "column": 87
            }
          },
          {
            "start": {
              "line": 168,
              "column": 93
            },
            "end": {
              "line": 168,
              "column": 115
            }
          },
          {
            "start": {
              "line": 168,
              "column": 119
            },
            "end": {
              "line": 168,
              "column": 142
            }
          }
        ],
        "line": 168
      },
      "3": {
        "loc": {
          "start": {
            "line": 169,
            "column": 44
          },
          "end": {
            "line": 169,
            "column": 195
          }
        },
        "type": "binary-expr",
        "locations": [
          {
            "start": {
              "line": 169,
              "column": 45
            },
            "end": {
              "line": 169,
              "column": 56
            }
          },
          {
            "start": {
              "line": 169,
              "column": 60
            },
            "end": {
              "line": 169,
              "column": 81
            }
          },
          {
            "start": {
              "line": 169,
              "column": 86
            },
            "end": {
              "line": 169,
              "column": 128
            }
          },
          {
            "start": {
              "line": 169,
              "column": 133
            },
            "end": {
              "line": 169,
              "column": 144
            }
          },
          {
            "start": {
              "line": 169,
              "column": 148
            },
            "end": {
              "line": 169,
              "column": 171
            }
          },
          {
            "start": {
              "line": 169,
              "column": 175
            },
            "end": {
              "line": 169,
              "column": 194
            }
          }
        ],
        "line": 169
      },
      "4": {
        "loc": {
          "start": {
            "line": 182,
            "column": 39
          },
          "end": {
            "line": 182,
            "column": 155
          }
        },
        "type": "binary-expr",
        "locations": [
          {
            "start": {
              "line": 182,
              "column": 40
            },
            "end": {
              "line": 182,
              "column": 65
            }
          },
          {
            "start": {
              "line": 182,
              "column": 69
            },
            "end": {
              "line": 182,
              "column": 93
            }
          },
          {
            "start": {
              "line": 182,
              "column": 99
            },
            "end": {
              "line": 182,
              "column": 124
            }
          },
          {
            "start": {
              "line": 182,
              "column": 128
            },
            "end": {
              "line": 182,
              "column": 154
            }
          }
        ],
        "line": 182
      },
      "5": {
        "loc": {
          "start": {
            "line": 183,
            "column": 44
          },
          "end": {
            "line": 183,
            "column": 206
          }
        },
        "type": "binary-expr",
        "locations": [
          {
            "start": {
              "line": 183,
              "column": 45
            },
            "end": {
              "line": 183,
              "column": 59
            }
          },
          {
            "start": {
              "line": 183,
              "column": 63
            },
            "end": {
              "line": 183,
              "column": 87
            }
          },
          {
            "start": {
              "line": 183,
              "column": 92
            },
            "end": {
              "line": 183,
              "column": 130
            }
          },
          {
            "start": {
              "line": 183,
              "column": 135
            },
            "end": {
              "line": 183,
              "column": 149
            }
          },
          {
            "start": {
              "line": 183,
              "column": 153
            },
            "end": {
              "line": 183,
              "column": 179
            }
          },
          {
            "start": {
              "line": 183,
              "column": 183
            },
            "end": {
              "line": 183,
              "column": 205
            }
          }
        ],
        "line": 183
      },
      "6": {
        "loc": {
          "start": {
            "line": 196,
            "column": 39
          },
          "end": {
            "line": 196,
            "column": 155
          }
        },
        "type": "binary-expr",
        "locations": [
          {
            "start": {
              "line": 196,
              "column": 40
            },
            "end": {
              "line": 196,
              "column": 65
            }
          },
          {
            "start": {
              "line": 196,
              "column": 69
            },
            "end": {
              "line": 196,
              "column": 93
            }
          },
          {
            "start": {
              "line": 196,
              "column": 99
            },
            "end": {
              "line": 196,
              "column": 124
            }
          },
          {
            "start": {
              "line": 196,
              "column": 128
            },
            "end": {
              "line": 196,
              "column": 154
            }
          }
        ],
        "line": 196
      },
      "7": {
        "loc": {
          "start": {
            "line": 197,
            "column": 44
          },
          "end": {
            "line": 197,
            "column": 214
          }
        },
        "type": "binary-expr",
        "locations": [
          {
            "start": {
              "line": 197,
              "column": 45
            },
            "end": {
              "line": 197,
              "column": 59
            }
          },
          {
            "start": {
              "line": 197,
              "column": 63
            },
            "end": {
              "line": 197,
              "column": 87
            }
          },
          {
            "start": {
              "line": 197,
              "column": 92
            },
            "end": {
              "line": 197,
              "column": 134
            }
          },
          {
            "start": {
              "line": 197,
              "column": 139
            },
            "end": {
              "line": 197,
              "column": 153
            }
          },
          {
            "start": {
              "line": 197,
              "column": 157
            },
            "end": {
              "line": 197,
              "column": 183
            }
          },
          {
            "start": {
              "line": 197,
              "column": 187
            },
            "end": {
              "line": 197,
              "column": 213
            }
          }
        ],
        "line": 197
      },
      "8": {
        "loc": {
          "start": {
            "line": 210,
            "column": 39
          },
          "end": {
            "line": 210,
            "column": 155
          }
        },
        "type": "binary-expr",
        "locations": [
          {
            "start": {
              "line": 210,
              "column": 40
            },
            "end": {
              "line": 210,
              "column": 65
            }
          },
          {
            "start": {
              "line": 210,
              "column": 69
            },
            "end": {
              "line": 210,
              "column": 93
            }
          },
          {
            "start": {
              "line": 210,
              "column": 99
            },
            "end": {
              "line": 210,
              "column": 124
            }
          },
          {
            "start": {
              "line": 210,
              "column": 128
            },
            "end": {
              "line": 210,
              "column": 154
            }
          }
        ],
        "line": 210
      },
      "9": {
        "loc": {
          "start": {
            "line": 211,
            "column": 44
          },
          "end": {
            "line": 211,
            "column": 214
          }
        },
        "type": "binary-expr",
        "locations": [
          {
            "start": {
              "line": 211,
              "column": 45
            },
            "end": {
              "line": 211,
              "column": 59
            }
          },
          {
            "start": {
              "line": 211,
              "column": 63
            },
            "end": {
              "line": 211,
              "column": 87
            }
          },
          {
            "start": {
              "line": 211,
              "column": 92
            },
            "end": {
              "line": 211,
              "column": 134
            }
          },
          {
            "start": {
              "line": 211,
              "column": 139
            },
            "end": {
              "line": 211,
              "column": 153
            }
          },
          {
            "start": {
              "line": 211,
              "column": 157
            },
            "end": {
              "line": 211,
              "column": 183
            }
          },
          {
            "start": {
              "line": 211,
              "column": 187
            },
            "end": {
              "line": 211,
              "column": 213
            }
          }
        ],
        "line": 211
      },
      "10": {
        "loc": {
          "start": {
            "line": 225,
            "column": 39
          },
          "end": {
            "line": 225,
            "column": 151
          }
        },
        "type": "binary-expr",
        "locations": [
          {
            "start": {
              "line": 225,
              "column": 40
            },
            "end": {
              "line": 225,
              "column": 64
            }
          },
          {
            "start": {
              "line": 225,
              "column": 68
            },
            "end": {
              "line": 225,
              "column": 91
            }
          },
          {
            "start": {
              "line": 225,
              "column": 97
            },
            "end": {
              "line": 225,
              "column": 121
            }
[...]
        },
        "loc": {
          "start": {
            "line": 17,
            "column": 23
          },
          "end": {
            "line": 83,
            "column": 1
          }
        },
        "line": 17
      }
    },
    "branchMap": {
      "0": {
        "loc": {
          "start": {
            "line": 38,
            "column": 25
          },
          "end": {
            "line": 38,
            "column": 63
          }
        },
        "type": "cond-expr",
        "locations": [
          {
            "start": {
              "line": 38,
              "column": 39
            },
            "end": {
              "line": 38,
              "column": 44
            }
          },
          {
            "start": {
              "line": 38,
              "column": 47
            },
            "end": {
              "line": 38,
              "column": 63
            }
          }
        ],
        "line": 38
      }
    },
    "s": {
      "0": 160,
      "1": 125,
      "2": 125,
      "3": 125
    },
    "f": {
      "0": 160
    },
    "b": {
      "0": [
        0,
        125
      ]
    },
    "_coverageSchema": "1a1c01bbd47fc00a2c39e90264f33305004495a9",
    "hash": "f03e3e834af38e8d613bb9fbdbb72e30484a3bf1"
  },
  "D:\\markaz\\markaz-pillar-fe\\src\\pages\\santri\\[id].js": {
    "path": "D:\\markaz\\markaz-pillar-fe\\src\\pages\\santri\\[id].js",
    "statementMap": {
      "0": {
        "start": {
          "line": 51,
          "column": 17
        },
        "end": {
          "line": 51,
          "column": 29
        }
      },
      "1": {
        "start": {
          "line": 53,
          "column": 2
        },
        "end": {
          "line": 57,
          "column": 3
        }
      },
      "2": {
        "start": {
          "line": 54,
          "column": 4
        },
        "end": {
          "line": 56,
          "column": 5
        }
      },
      "3": {
        "start": {
          "line": 59,
          "column": 21
        },
        "end": {
          "line": 62,
          "column": 3
        }
      },
      "4": {
        "start": {
          "line": 64,
          "column": 23
        },
        "end": {
          "line": 70,
          "column": 3
        }
      },
      "5": {
        "start": {
          "line": 72,
          "column": 2
        },
        "end": {
          "line": 82,
          "column": 4
        }
      }
    },
    "fnMap": {
      "0": {
        "name": "SantriLayoutDetail",
        "decl": {
          "start": {
            "line": 50,
            "column": 24
          },
          "end": {
            "line": 50,
            "column": 42
          }
        },
        "loc": {
          "start": {
            "line": 50,
            "column": 50
          },
          "end": {
            "line": 83,
            "column": 1
          }
        },
        "line": 50
      }
    },
    "branchMap": {
      "0": {
        "loc": {
          "start": {
            "line": 53,
            "column": 2
          },
          "end": {
            "line": 57,
            "column": 3
          }
        },
        "type": "if",
        "locations": [
          {
            "start": {
              "line": 53,
              "column": 2
            },
            "end": {
              "line": 57,
              "column": 3
            }
          },
          {
            "start": {},
            "end": {}
          }
        ],
        "line": 53
      }
    },
    "s": {
      "0": 145,
      "1": 125,
      "2": 85,
      "3": 125,
      "4": 125,
      "5": 40,
      "6": 0,
      "7": 82,
      "8": 0,
      "9": 0,
      "10": 0,
      "11": 0,
      "12": 0,
      "13": 0,
      "14": 0,
      "15": 0,
      "16": 0,
      "17": 0,
      "18": 96,
      "19": 82,
      "20": 0,
      "21": 82,
      "22": 82,
      "23": 82
    },
    "f": {
      "0": 145,
      "1": 82,
      "2": 0,
      "3": 0,
      "4": 0,
      "5": 0,
      "6": 0,
      "7": 96
    },
    "b": {
      "0": [
        0,
        125
      ]
    },
    "_coverageSchema": "1a1c01bbd47fc00a2c39e90264f33305004495a9",
    "hash": "879a5feab10fc367a41850665306ff1db3546de5"
  },
  "D:\\markaz\\markaz-pillar-fe\\src\\component\\modules\\NavBar.js": {
    "path": "D:\\markaz\\markaz-pillar-fe\\src\\component\\modules\\NavBar.js",
    "statementMap": {
      "0": {
        "start": {
          "line": 11,
          "column": 32
        },
        "end": {
          "line": 11,
          "column": 47
        }
      },
      "1": {
        "start": {
          "line": 12,
          "column": 45
        },
        "end": {
          "line": 12,
          "column": 50
        }
      },
      "2": {
        "start": {
          "line": 14,
          "column": 18
        },
        "end": {
          "line": 35,
          "column": 5
        }
      },
      "3": {
        "start": {
          "line": 38,
          "column": 25
        },
        "end": {
          "line": 42,
          "column": 5
        }
      },
      "4": {
        "start": {
          "line": 39,
          "column": 8
        },
        "end": {
          "line": 41,
          "column": 10
        }
      },
      "5": {
        "start": {
          "line": 44,
          "column": 28
        },
        "end": {
          "line": 46,
          "column": 6
        }
      },
      "6": {
        "start": {
          "line": 47,
          "column": 25
        },
        "end": {
          "line": 49,
          "column": 5
        }
      },
      "7": {
        "start": {
          "line": 47,
          "column": 37
        },
        "end": {
          "line": 49,
          "column": 5
        }
      },
      "8": {
        "start": {
          "line": 48,
          "column": 8
        },
        "end": {
          "line": 48,
          "column": 44
        }
      },
      "9": {
        "start": {
          "line": 51,
          "column": 17
        },
        "end": {
          "line": 107,
          "column": 5
        }
      },
      "10": {
        "start": {
          "line": 52,
          "column": 8
        },
        "end": {
          "line": 106,
          "column": 14
        }
      },
      "11": {
        "start": {
          "line": 81,
          "column": 24
        },
        "end": {
          "line": 85,
          "column": 35
        }
      },
      "12": {
        "start": {
          "line": 108,
          "column": 4
        },
        "end": {
          "line": 152,
          "column": 5
        }
      },
      "13": {
        "start": {
          "line": 120,
          "column": 28
        },
        "end": {
          "line": 122,
          "column": 36
        }
      }
    },
    "fnMap": {
      "0": {
        "name": "NavBar",
        "decl": {
          "start": {
            "line": 10,
            "column": 24
          },
          "end": {
            "line": 10,
            "column": 30
          }
        },
        "loc": {
          "start": {
            "line": 10,
            "column": 33
          },
          "end": {
            "line": 153,
            "column": 1
          }
        },
        "line": 10
      },
      "1": {
        "name": "(anonymous_1)",
        "decl": {
          "start": {
            "line": 38,
            "column": 25
          },
          "end": {
            "line": 38,
            "column": 26
          }
        },
        "loc": {
          "start": {
            "line": 38,
            "column": 31
          },
          "end": {
            "line": 42,
            "column": 5
          }
        },
        "line": 38
      },
      "2": {
        "name": "(anonymous_2)",
        "decl": {
          "start": {
            "line": 47,
            "column": 25
          },
          "end": {
            "line": 47,
            "column": 26
          }
        },
        "loc": {
          "start": {
            "line": 47,
            "column": 37
          },
          "end": {
            "line": 49,
            "column": 5
          }
        },
        "line": 47
      },
      "3": {
        "name": "(anonymous_3)",
        "decl": {
          "start": {
            "line": 47,
            "column": 37
          },
          "end": {
            "line": 47,
            "column": 38
          }
        },
        "loc": {
          "start": {
            "line": 47,
            "column": 48
          },
          "end": {
            "line": 49,
            "column": 5
          }
        },
        "line": 47
      },
      "4": {
        "name": "(anonymous_4)",
        "decl": {
          "start": {
            "line": 51,
            "column": 17
          },
          "end": {
            "line": 51,
            "column": 18
          }
        },
        "loc": {
          "start": {
            "line": 52,
            "column": 8
          },
          "end": {
            "line": 106,
            "column": 14
          }
        },
        "line": 52
      },
      "5": {
        "name": "(anonymous_5)",
        "decl": {
          "start": {
            "line": 80,
            "column": 31
          },
          "end": {
            "line": 80,
            "column": 32
          }
        },
        "loc": {
          "start": {
            "line": 81,
            "column": 24
          },
          "end": {
            "line": 85,
            "column": 35
          }
        },
        "line": 81
      },
      "6": {
        "name": "(anonymous_6)",
        "decl": {
          "start": {
            "line": 119,
            "column": 35
          },
          "end": {
            "line": 119,
            "column": 36
          }
        },
        "loc": {
          "start": {
            "line": 120,
            "column": 28
          },
          "end": {
            "line": 122,
            "column": 36
          }
        },
        "line": 120
      }
    },
    "branchMap": {
      "0": {
        "loc": {
          "start": {
            "line": 17,
            "column": 18
          },
          "end": {
            "line": 17,
            "column": 91
          }
        },
        "type": "cond-expr",
        "locations": [
          {
            "start": {
              "line": 17,
              "column": 64
            },
            "end": {
              "line": 17,
              "column": 79
            }
          },
          {
            "start": {
              "line": 17,
              "column": 82
            },
            "end": {
              "line": 17,
              "column": 91
            }
          }
        ],
        "line": 17
      },
      "1": {
        "loc": {
          "start": {
            "line": 21,
            "column": 18
          },
          "end": {
            "line": 21,
            "column": 91
          }
        },
        "type": "cond-expr",
        "locations": [
          {
            "start": {
              "line": 21,
              "column": 64
            },
            "end": {
              "line": 21,
              "column": 79
            }
          },
          {
            "start": {
              "line": 21,
              "column": 82
            },
            "end": {
              "line": 21,
              "column": 91
            }
          }
        ],
        "line": 21
      },
      "2": {
        "loc": {
          "start": {
            "line": 68,
            "column": 13
          },
          "end": {
            "line": 77,
            "column": 13
          }
        },
        "type": "binary-expr",
        "locations": [
          {
            "start": {
              "line": 68,
              "column": 13
            },
            "end": {
              "line": 68,
              "column": 24
            }
          },
          {
            "start": {
              "line": 69,
              "column": 16
            },
            "end": {
              "line": 76,
              "column": 23
            }
          }
        ],
        "line": 68
      },
      "3": {
        "loc": {
          "start": {
            "line": 90,
            "column": 13
          },
          "end": {
            "line": 105,
            "column": 13
          }
        },
        "type": "binary-expr",
        "locations": [
          {
            "start": {
              "line": 90,
              "column": 13
            },
            "end": {
              "line": 90,
              "column": 25
            }
          },
          {
            "start": {
              "line": 91,
              "column": 16
            },
            "end": {
              "line": 103,
              "column": 28
            }
          }
        ],
        "line": 90
      }
    },
    "s": {
      "0": 996,
      "1": 901,
      "2": 901,
      "3": 901,
      "4": 20,
      "5": 901,
      "6": 901,
      "7": 4505,
      "8": 71,
      "9": 901,
      "10": 901,
      "11": 4505,
      "12": 901,
      "13": 4505
    },
    "f": {
      "0": 996,
      "1": 20,
      "2": 4505,
      "3": 71,
      "4": 901,
      "5": 4505,
      "6": 4505
    },
    "b": {
      "0": [
        138,
        763
      ],
      "1": [
        138,
        763
      ],
      "2": [
        901,
        138
      ],
      "3": [
        901,
        763
      ]
    },
    "_coverageSchema": "1a1c01bbd47fc00a2c39e90264f33305004495a9",
    "hash": "78d7498f57401f7909108d225900ec7e6d569cd5"
  },
  "D:\\markaz\\markaz-pillar-fe\\src\\component\\modules\\Copyright.js": {
    "path": "D:\\markaz\\markaz-pillar-fe\\src\\component\\modules\\Copyright.js",
    "statementMap": {
      "0": {
        "start": {
          "line": 6,
          "column": 2
        },
        "end": {
          "line": 15,
          "column": 4
        }
      }
    },
    "fnMap": {
      "0": {
        "name": "Copyright",
        "decl": {
          "start": {
            "line": 5,
            "column": 24
          },
          "end": {
            "line": 5,
            "column": 33
          }
        },
        "loc": {
          "start": {
            "line": 5,
            "column": 41
          },
          "end": {
            "line": 16,
            "column": 1
          }
        },
        "line": 5
      }
    },
    "branchMap": {},
    "s": {
      "0": 5022
    },
    "f": {
      "0": 5022
    },
    "b": {},
    "_coverageSchema": "1a1c01bbd47fc00a2c39e90264f33305004495a9",
    "hash": "97897679dd4ba337b46536a7b3d1fd6977ffc694"
  },
  "D:\\markaz\\markaz-pillar-fe\\src\\pages\\index.js": {
    "path": "D:\\markaz\\markaz-pillar-fe\\src\\pages\\index.js",
    "statementMap": {
      "0": {
        "start": {
          "line": 10,
          "column": 18
        },
        "end": {
          "line": 43,
          "column": 3
        }
      },
      "1": {
        "start": {
          "line": 10,
          "column": 41
        },
        "end": {
          "line": 43,
          "column": 1
        }
      },
      "2": {
        "start": {
          "line": 46,
          "column": 18
        },
        "end": {
          "line": 46,
          "column": 29
        }
      },
      "3": {
        "start": {
          "line": 47,
          "column": 16
        },
        "end": {
          "line": 47,
          "column": 26
        }
      },
      "4": {
        "start": {
          "line": 48,
          "column": 22
        },
        "end": {
          "line": 48,
          "column": 63
        }
      },
      "5": {
        "start": {
          "line": 50,
          "column": 2
        },
        "end": {
          "line": 301,
          "column": 3
        }
      }
    },
    "fnMap": {
      "0": {
        "name": "(anonymous_0)",
        "decl": {
          "start": {
            "line": 10,
            "column": 29
          },
          "end": {
            "line": 10,
            "column": 30
          }
        },
        "loc": {
          "start": {
            "line": 10,
            "column": 41
          },
          "end": {
            "line": 43,
            "column": 1
          }
        },
        "line": 10
      },
      "1": {
        "name": "Home",
        "decl": {
          "start": {
            "line": 45,
            "column": 24
          },
          "end": {
            "line": 45,
            "column": 28
          }
        },
        "loc": {
          "start": {
            "line": 45,
            "column": 31
          },
          "end": {
            "line": 302,
            "column": 1
          }
        },
        "line": 45
      }
    },
    "branchMap": {
      "0": {
        "loc": {
          "start": {
            "line": 79,
            "column": 49
          },
          "end": {
            "line": 79,
            "column": 87
          }
        },
        "type": "cond-expr",
        "locations": [
          {
            "start": {
              "line": 79,
              "column": 63
            },
            "end": {
              "line": 79,
              "column": 68
            }
          },
          {
            "start": {
              "line": 79,
              "column": 71
            },
            "end": {
              "line": 79,
              "column": 87
            }
          }
        ],
        "line": 79
      },
      "1": {
        "loc": {
          "start": {
            "line": 148,
            "column": 45
          },
          "end": {
            "line": 148,
            "column": 83
          }
        },
        "type": "cond-expr",
        "locations": [
          {
            "start": {
              "line": 148,
              "column": 59
            },
            "end": {
              "line": 148,
              "column": 64
            }
          },
          {
            "start": {
              "line": 148,
              "column": 67
            },
            "end": {
              "line": 148,
              "column": 83
            }
          }
        ],
        "line": 148
      },
      "2": {
        "loc": {
          "start": {
            "line": 194,
            "column": 45
          },
          "end": {
            "line": 194,
            "column": 83
          }
        },
        "type": "cond-expr",
        "locations": [
          {
            "start": {
              "line": 194,
              "column": 59
            },
            "end": {
              "line": 194,
              "column": 64
            }
          },
          {
            "start": {
              "line": 194,
              "column": 67
            },
            "end": {
              "line": 194,
              "column": 83
            }
          }
        ],
        "line": 194
      },
      "3": {
        "loc": {
          "start": {
            "line": 235,
            "column": 47
          },
          "end": {
            "line": 235,
            "column": 85
          }
        },
        "type": "cond-expr",
        "locations": [
          {
            "start": {
              "line": 235,
              "column": 61
            },
            "end": {
              "line": 235,
              "column": 66
            }
          },
          {
            "start": {
              "line": 235,
              "column": 69
            },
            "end": {
              "line": 235,
              "column": 85
            }
          }
        ],
        "line": 235
      }
    },
    "s": {
      "0": 78,
      "1": 78,
      "2": 342,
      "3": 300,
      "4": 300,
      "5": 300
    },
    "f": {
      "0": 78,
      "1": 342
    },
    "b": {
      "0": [
        0,
        300
      ],
      "1": [
        0,
        300
      ],
      "2": [
        0,
        300
      ],
      "3": [
        0,
        300
      ]
    },
    "_coverageSchema": "1a1c01bbd47fc00a2c39e90264f33305004495a9",
    "hash": "da5d54a9c69604b3c6e0a636b9ae3e13fb4f2d38"
  }
}