{
  "/Users/wishnuhazmi/Coding/PPL/markaz-pillar-fe/src/context/AppReducer.js": {
    "path": "/Users/wishnuhazmi/Coding/PPL/markaz-pillar-fe/src/context/AppReducer.js",
    "statementMap": {
      "0": {
        "start": {
          "line": 3,
          "column": 29
        },
        "end": {
          "line": 12,
          "column": 1
        }
      },
      "1": {
        "start": {
          "line": 14,
          "column": 24
        },
        "end": {
          "line": 17,
          "column": 1
        }
      },
      "2": {
        "start": {
          "line": 19,
          "column": 30
        },
        "end": {
          "line": 23,
          "column": 1
        }
      },
      "3": {
        "start": {
          "line": 25,
          "column": 26
        },
        "end": {
          "line": 37,
          "column": 1
        }
      },
      "4": {
        "start": {
          "line": 39,
          "column": 35
        },
        "end": {
          "line": 42,
          "column": 1
        }
      },
      "5": {
        "start": {
          "line": 45,
          "column": 31
        },
        "end": {
          "line": 63,
          "column": 1
        }
      },
      "6": {
        "start": {
          "line": 53,
          "column": 8
        },
        "end": {
          "line": 53,
          "column": 20
        }
      },
      "7": {
        "start": {
          "line": 54,
          "column": 4
        },
        "end": {
          "line": 62,
          "column": 5
        }
      },
      "8": {
        "start": {
          "line": 66,
          "column": 28
        },
        "end": {
          "line": 74,
          "column": 1
        }
      },
      "9": {
        "start": {
          "line": 77,
          "column": 26
        },
        "end": {
          "line": 161,
          "column": 1
        }
      },
      "10": {
        "start": {
          "line": 79,
          "column": 4
        },
        "end": {
          "line": 160,
          "column": 5
        }
      },
      "11": {
        "start": {
          "line": 81,
          "column": 12
        },
        "end": {
          "line": 89,
          "column": 13
        }
      },
      "12": {
        "start": {
          "line": 92,
          "column": 12
        },
        "end": {
          "line": 96,
          "column": 13
        }
      },
      "13": {
        "start": {
          "line": 99,
          "column": 12
        },
        "end": {
          "line": 107,
          "column": 13
        }
      },
      "14": {
        "start": {
          "line": 111,
          "column": 12
        },
        "end": {
          "line": 119,
          "column": 13
        }
      },
      "15": {
        "start": {
          "line": 122,
          "column": 12
        },
        "end": {
          "line": 130,
          "column": 13
        }
      },
      "16": {
        "start": {
          "line": 133,
          "column": 12
        },
        "end": {
          "line": 136,
          "column": 13
        }
      },
      "17": {
        "start": {
          "line": 139,
          "column": 12
        },
        "end": {
          "line": 147,
          "column": 13
        }
      },
      "18": {
        "start": {
          "line": 150,
          "column": 12
        },
        "end": {
          "line": 154,
          "column": 13
        }
      },
      "19": {
        "start": {
          "line": 157,
          "column": 12
        },
        "end": {
          "line": 159,
          "column": 13
        }
      }
    },
    "fnMap": {
      "0": {
        "name": "(anonymous_0)",
        "decl": {
          "start": {
            "line": 45,
            "column": 31
          },
          "end": {
            "line": 45,
            "column": 32
          }
        },
        "loc": {
          "start": {
            "line": 45,
            "column": 47
          },
          "end": {
            "line": 63,
            "column": 1
          }
        },
        "line": 45
      },
      "1": {
        "name": "(anonymous_1)",
        "decl": {
          "start": {
            "line": 77,
            "column": 26
          },
          "end": {
            "line": 77,
            "column": 27
          }
        },
        "loc": {
          "start": {
            "line": 77,
            "column": 45
          },
          "end": {
            "line": 161,
            "column": 1
          }
        },
        "line": 77
      }
    },
    "branchMap": {
      "0": {
        "loc": {
          "start": {
            "line": 79,
            "column": 4
          },
          "end": {
            "line": 160,
            "column": 5
          }
        },
        "type": "switch",
        "locations": [
          {
            "start": {
              "line": 80,
              "column": 8
            },
            "end": {
              "line": 90,
              "column": 9
            }
          },
          {
            "start": {
              "line": 91,
              "column": 8
            },
            "end": {
              "line": 97,
              "column": 9
            }
          },
          {
            "start": {
              "line": 98,
              "column": 8
            },
            "end": {
              "line": 108,
              "column": 9
            }
          },
          {
            "start": {
              "line": 110,
              "column": 8
            },
            "end": {
              "line": 120,
              "column": 9
            }
          },
          {
            "start": {
              "line": 121,
              "column": 8
            },
            "end": {
              "line": 131,
              "column": 9
            }
          },
          {
            "start": {
              "line": 132,
              "column": 8
            },
            "end": {
              "line": 137,
              "column": 9
            }
          },
          {
            "start": {
              "line": 138,
              "column": 8
            },
            "end": {
              "line": 148,
              "column": 9
            }
          },
          {
            "start": {
              "line": 149,
              "column": 8
            },
            "end": {
              "line": 155,
              "column": 9
            }
          },
          {
            "start": {
              "line": 156,
              "column": 8
            },
            "end": {
              "line": 159,
              "column": 13
            }
          }
        ],
        "line": 79
      }
    },
    "s": {
      "0": 70,
      "1": 70,
      "2": 70,
      "3": 70,
      "4": 70,
      "5": 70,
      "6": 65,
      "7": 65,
      "8": 70,
      "9": 70,
      "10": 20,
      "11": 4,
      "12": 4,
      "13": 6,
      "14": 6,
      "15": 0,
      "16": 0,
      "17": 0,
      "18": 0,
      "19": 0
    },
    "f": {
      "0": 65,
      "1": 20
    },
    "b": {
      "0": [
        4,
        4,
        6,
        6,
        0,
        0,
        0,
        0,
        0
      ]
    },
    "_coverageSchema": "1a1c01bbd47fc00a2c39e90264f33305004495a9",
    "hash": "b78c5f885eaf7845af8cfdb54854d1f6b92802ab"
  },
  "/Users/wishnuhazmi/Coding/PPL/markaz-pillar-fe/src/context/AppContext.js": {
    "path": "/Users/wishnuhazmi/Coding/PPL/markaz-pillar-fe/src/context/AppContext.js",
    "statementMap": {
      "0": {
        "start": {
          "line": 5,
          "column": 19
        },
        "end": {
          "line": 5,
          "column": 34
        }
      },
      "1": {
        "start": {
          "line": 8,
          "column": 28
        },
        "end": {
          "line": 8,
          "column": 81
        }
      },
      "2": {
        "start": {
          "line": 10,
          "column": 23
        },
        "end": {
          "line": 12,
          "column": 23
        }
      },
      "3": {
        "start": {
          "line": 11,
          "column": 4
        },
        "end": {
          "line": 11,
          "column": 31
        }
      },
      "4": {
        "start": {
          "line": 14,
          "column": 2
        },
        "end": {
          "line": 34,
          "column": 9
        }
      },
      "5": {
        "start": {
          "line": 16,
          "column": 33
        },
        "end": {
          "line": 16,
          "column": 80
        }
      },
      "6": {
        "start": {
          "line": 17,
          "column": 33
        },
        "end": {
          "line": 17,
          "column": 84
        }
      },
      "7": {
        "start": {
          "line": 18,
          "column": 30
        },
        "end": {
          "line": 18,
          "column": 84
        }
      },
      "8": {
        "start": {
          "line": 19,
          "column": 31
        },
        "end": {
          "line": 19,
          "column": 86
        }
      },
      "9": {
        "start": {
          "line": 22,
          "column": 4
        },
        "end": {
          "line": 33,
          "column": 5
        }
      },
      "10": {
        "start": {
          "line": 24,
          "column": 6
        },
        "end": {
          "line": 32,
          "column": 8
        }
      },
      "11": {
        "start": {
          "line": 36,
          "column": 2
        },
        "end": {
          "line": 44,
          "column": 14
        }
      },
      "12": {
        "start": {
          "line": 38,
          "column": 4
        },
        "end": {
          "line": 43,
          "column": 5
        }
      },
      "13": {
        "start": {
          "line": 39,
          "column": 6
        },
        "end": {
          "line": 39,
          "column": 76
        }
      },
      "14": {
        "start": {
          "line": 40,
          "column": 6
        },
        "end": {
          "line": 40,
          "column": 84
        }
      },
      "15": {
        "start": {
          "line": 41,
          "column": 6
        },
        "end": {
          "line": 41,
          "column": 90
        }
      },
      "16": {
        "start": {
          "line": 42,
          "column": 6
        },
        "end": {
          "line": 42,
          "column": 92
        }
      },
      "17": {
        "start": {
          "line": 46,
          "column": 2
        },
        "end": {
          "line": 50,
          "column": 4
        }
      },
      "18": {
        "start": {
          "line": 54,
          "column": 2
        },
        "end": {
          "line": 54,
          "column": 32
        }
      }
    },
    "fnMap": {
      "0": {
        "name": "AppWrapper",
        "decl": {
          "start": {
            "line": 7,
            "column": 16
          },
          "end": {
            "line": 7,
            "column": 26
          }
        },
        "loc": {
          "start": {
            "line": 7,
            "column": 41
          },
          "end": {
            "line": 51,
            "column": 1
          }
        },
        "line": 7
      },
      "1": {
        "name": "(anonymous_1)",
        "decl": {
          "start": {
            "line": 10,
            "column": 31
          },
          "end": {
            "line": 10,
            "column": 32
          }
        },
        "loc": {
          "start": {
            "line": 10,
            "column": 37
          },
          "end": {
            "line": 12,
            "column": 3
          }
        },
        "line": 10
      },
      "2": {
        "name": "(anonymous_2)",
        "decl": {
          "start": {
            "line": 14,
            "column": 12
          },
          "end": {
            "line": 14,
            "column": 13
          }
        },
        "loc": {
          "start": {
            "line": 14,
            "column": 18
          },
          "end": {
            "line": 34,
            "column": 3
          }
        },
        "line": 14
      },
      "3": {
        "name": "(anonymous_3)",
        "decl": {
          "start": {
            "line": 36,
            "column": 12
          },
          "end": {
            "line": 36,
            "column": 13
          }
        },
        "loc": {
          "start": {
            "line": 36,
            "column": 18
          },
          "end": {
            "line": 44,
            "column": 3
          }
        },
        "line": 36
      },
      "4": {
        "name": "useAppContext",
        "decl": {
          "start": {
            "line": 53,
            "column": 16
          },
          "end": {
            "line": 53,
            "column": 29
          }
        },
        "loc": {
          "start": {
            "line": 53,
            "column": 32
          },
          "end": {
            "line": 55,
            "column": 1
          }
        },
        "line": 53
      }
    },
    "branchMap": {
      "0": {
        "loc": {
          "start": {
            "line": 22,
            "column": 4
          },
          "end": {
            "line": 33,
            "column": 5
          }
        },
        "type": "if",
        "locations": [
          {
            "start": {
              "line": 22,
              "column": 4
            },
            "end": {
              "line": 33,
              "column": 5
            }
          },
          {
            "start": {
              "line": 22,
              "column": 4
            },
            "end": {
              "line": 33,
              "column": 5
            }
          }
        ],
        "line": 22
      },
      "1": {
        "loc": {
          "start": {
            "line": 38,
            "column": 4
          },
          "end": {
            "line": 43,
            "column": 5
          }
        },
        "type": "if",
        "locations": [
          {
            "start": {
              "line": 38,
              "column": 4
            },
            "end": {
              "line": 43,
              "column": 5
            }
          },
          {
            "start": {
              "line": 38,
              "column": 4
            },
            "end": {
              "line": 43,
              "column": 5
            }
          }
        ],
        "line": 38
      }
    },
    "s": {
      "0": 70,
      "1": 90,
      "2": 90,
      "3": 85,
      "4": 90,
      "5": 65,
      "6": 65,
      "7": 65,
      "8": 65,
      "9": 65,
      "10": 0,
      "11": 90,
      "12": 85,
      "13": 85,
      "14": 85,
      "15": 85,
      "16": 85,
      "17": 90,
      "18": 1504
    },
    "f": {
      "0": 90,
      "1": 85,
      "2": 65,
      "3": 85,
      "4": 1504
    },
    "b": {
      "0": [
        0,
        65
      ],
      "1": [
        85,
        0
      ]
    },
    "_coverageSchema": "1a1c01bbd47fc00a2c39e90264f33305004495a9",
    "hash": "304dc201759c15737b9a992214c1f92ac7f446d5"
  },
  "/Users/wishnuhazmi/Coding/PPL/markaz-pillar-fe/src/component/modules/NavbarDesktop.jsx": {
    "path": "/Users/wishnuhazmi/Coding/PPL/markaz-pillar-fe/src/component/modules/NavbarDesktop.jsx",
    "statementMap": {
      "0": {
        "start": {
          "line": 12,
          "column": 32
        },
        "end": {
          "line": 12,
          "column": 47
        }
      },
      "1": {
        "start": {
          "line": 13,
          "column": 23
        },
        "end": {
          "line": 13,
          "column": 47
        }
      },
      "2": {
        "start": {
          "line": 13,
          "column": 29
        },
        "end": {
          "line": 13,
          "column": 47
        }
      },
      "3": {
        "start": {
          "line": 14,
          "column": 22
        },
        "end": {
          "line": 14,
          "column": 37
        }
      },
      "4": {
        "start": {
          "line": 15,
          "column": 32
        },
        "end": {
          "line": 15,
          "column": 37
        }
      },
      "5": {
        "start": {
          "line": 17,
          "column": 4
        },
        "end": {
          "line": 80,
          "column": 5
        }
      }
    },
    "fnMap": {
      "0": {
        "name": "NavbarDesktop",
        "decl": {
          "start": {
            "line": 11,
            "column": 9
          },
          "end": {
            "line": 11,
            "column": 22
          }
        },
        "loc": {
          "start": {
            "line": 11,
            "column": 25
          },
          "end": {
            "line": 81,
            "column": 1
          }
        },
        "line": 11
      },
      "1": {
        "name": "(anonymous_1)",
        "decl": {
          "start": {
            "line": 13,
            "column": 23
          },
          "end": {
            "line": 13,
            "column": 24
          }
        },
        "loc": {
          "start": {
            "line": 13,
            "column": 29
          },
          "end": {
            "line": 13,
            "column": 47
          }
        },
        "line": 13
      }
    },
    "branchMap": {
      "0": {
        "loc": {
          "start": {
            "line": 24,
            "column": 35
          },
          "end": {
            "line": 25,
            "column": 77
          }
        },
        "type": "cond-expr",
        "locations": [
          {
            "start": {
              "line": 25,
              "column": 24
            },
            "end": {
              "line": 25,
              "column": 38
            }
          },
          {
            "start": {
              "line": 25,
              "column": 41
            },
            "end": {
              "line": 25,
              "column": 77
            }
          }
        ],
        "line": 24
      },
      "1": {
        "loc": {
          "start": {
            "line": 27,
            "column": 40
          },
          "end": {
            "line": 27,
            "column": 110
          }
        },
        "type": "cond-expr",
        "locations": [
          {
            "start": {
              "line": 27,
              "column": 83
            },
            "end": {
              "line": 27,
              "column": 92
            }
          },
          {
            "start": {
              "line": 27,
              "column": 95
            },
            "end": {
              "line": 27,
              "column": 110
            }
          }
        ],
        "line": 27
      },
      "2": {
        "loc": {
          "start": {
            "line": 28,
            "column": 46
          },
          "end": {
            "line": 29,
            "column": 89
          }
        },
        "type": "cond-expr",
        "locations": [
          {
            "start": {
              "line": 29,
              "column": 36
            },
            "end": {
              "line": 29,
              "column": 50
            }
          },
          {
            "start": {
              "line": 29,
              "column": 53
            },
            "end": {
              "line": 29,
              "column": 89
            }
          }
        ],
        "line": 28
      },
      "3": {
        "loc": {
          "start": {
            "line": 34,
            "column": 40
          },
          "end": {
            "line": 34,
            "column": 110
          }
        },
        "type": "cond-expr",
        "locations": [
          {
            "start": {
              "line": 34,
              "column": 83
            },
            "end": {
              "line": 34,
              "column": 92
            }
          },
          {
            "start": {
              "line": 34,
              "column": 95
            },
            "end": {
              "line": 34,
              "column": 110
            }
          }
        ],
        "line": 34
      },
      "4": {
        "loc": {
          "start": {
            "line": 35,
            "column": 46
          },
          "end": {
            "line": 36,
            "column": 89
          }
        },
        "type": "cond-expr",
        "locations": [
          {
            "start": {
              "line": 36,
              "column": 36
            },
            "end": {
              "line": 36,
              "column": 50
            }
          },
          {
            "start": {
              "line": 36,
              "column": 53
            },
            "end": {
              "line": 36,
              "column": 89
            }
          }
        ],
        "line": 35
      },
      "5": {
        "loc": {
          "start": {
            "line": 42,
            "column": 46
          },
          "end": {
            "line": 43,
            "column": 89
          }
        },
        "type": "cond-expr",
        "locations": [
          {
            "start": {
              "line": 43,
              "column": 36
            },
            "end": {
              "line": 43,
              "column": 50
            }
          },
          {
            "start": {
              "line": 43,
              "column": 53
            },
            "end": {
              "line": 43,
              "column": 89
            }
          }
        ],
        "line": 42
      },
      "6": {
        "loc": {
          "start": {
            "line": 49,
            "column": 46
          },
          "end": {
            "line": 50,
            "column": 89
          }
        },
        "type": "cond-expr",
        "locations": [
          {
            "start": {
              "line": 50,
              "column": 36
            },
            "end": {
              "line": 50,
              "column": 50
            }
          },
          {
            "start": {
              "line": 50,
              "column": 53
            },
            "end": {
              "line": 50,
              "column": 89
            }
          }
        ],
        "line": 49
      },
      "7": {
        "loc": {
          "start": {
            "line": 56,
            "column": 46
          },
          "end": {
            "line": 57,
            "column": 89
          }
        },
        "type": "cond-expr",
        "locations": [
          {
            "start": {
              "line": 57,
              "column": 36
            },
            "end": {
              "line": 57,
              "column": 50
            }
          },
          {
            "start": {
              "line": 57,
              "column": 53
            },
            "end": {
              "line": 57,
              "column": 89
            }
          }
        ],
        "line": 56
      },
      "8": {
        "loc": {
          "start": {
            "line": 63,
            "column": 46
          },
          "end": {
            "line": 64,
            "column": 89
          }
        },
        "type": "cond-expr",
        "locations": [
          {
            "start": {
              "line": 64,
              "column": 36
            },
            "end": {
              "line": 64,
              "column": 50
            }
          },
          {
            "start": {
              "line": 64,
              "column": 53
            },
            "end": {
              "line": 64,
              "column": 89
            }
          }
        ],
        "line": 63
      },
      "9": {
        "loc": {
          "start": {
            "line": 69,
            "column": 41
          },
          "end": {
            "line": 70,
            "column": 81
          }
        },
        "type": "cond-expr",
        "locations": [
          {
            "start": {
              "line": 70,
              "column": 24
            },
            "end": {
              "line": 70,
              "column": 40
            }
          },
          {
            "start": {
              "line": 70,
              "column": 43
            },
            "end": {
              "line": 70,
              "column": 81
            }
          }
        ],
        "line": 69
      }
    },
    "s": {
      "0": 5,
      "1": 5,
      "2": 0,
      "3": 5,
      "4": 5,
      "5": 5
    },
    "f": {
      "0": 5,
      "1": 0
    },
    "b": {
      "0": [
        5,
        0
      ],
      "1": [
        3,
        2
      ],
      "2": [
        5,
        0
      ],
      "3": [
        3,
        2
      ],
      "4": [
        5,
        0
      ],
      "5": [
        5,
        0
      ],
      "6": [
        5,
        0
      ],
      "7": [
        5,
        0
      ],
      "8": [
        5,
        0
      ],
      "9": [
        5,
        0
      ]
    },
    "_coverageSchema": "1a1c01bbd47fc00a2c39e90264f33305004495a9",
    "hash": "6228c0627b9c24534c9026972d864c253013b66e"
  },
  "/Users/wishnuhazmi/Coding/PPL/markaz-pillar-fe/src/component/layout.js": {
    "path": "/Users/wishnuhazmi/Coding/PPL/markaz-pillar-fe/src/component/layout.js",
    "statementMap": {
      "0": {
        "start": {
          "line": 10,
          "column": 19
        },
        "end": {
          "line": 10,
          "column": 30
        }
      },
      "1": {
        "start": {
          "line": 11,
          "column": 23
        },
        "end": {
          "line": 11,
          "column": 90
        }
      },
      "2": {
        "start": {
          "line": 13,
          "column": 32
        },
        "end": {
          "line": 13,
          "column": 47
        }
      },
      "3": {
        "start": {
          "line": 14,
          "column": 48
        },
        "end": {
          "line": 14,
          "column": 53
        }
      },
      "4": {
        "start": {
          "line": 16,
          "column": 4
        },
        "end": {
          "line": 18,
          "column": 24
        }
      },
      "5": {
        "start": {
          "line": 19,
          "column": 4
        },
        "end": {
          "line": 34,
          "column": 5
        }
      },
      "6": {
        "start": {
          "line": 26,
          "column": 31
        },
        "end": {
          "line": 26,
          "column": 79
        }
      }
    },
    "fnMap": {
      "0": {
        "name": "Layout",
        "decl": {
          "start": {
            "line": 9,
            "column": 24
          },
          "end": {
            "line": 9,
            "column": 30
          }
        },
        "loc": {
          "start": {
            "line": 9,
            "column": 45
          },
          "end": {
            "line": 35,
            "column": 1
          }
        },
        "line": 9
      },
      "1": {
        "name": "(anonymous_1)",
        "decl": {
          "start": {
            "line": 16,
            "column": 14
          },
          "end": {
            "line": 16,
            "column": 15
          }
        },
        "loc": {
          "start": {
            "line": 16,
            "column": 20
          },
          "end": {
            "line": 18,
            "column": 5
          }
        },
        "line": 16
      },
      "2": {
        "name": "(anonymous_2)",
        "decl": {
          "start": {
            "line": 26,
            "column": 25
          },
          "end": {
            "line": 26,
            "column": 26
          }
        },
        "loc": {
          "start": {
            "line": 26,
            "column": 31
          },
          "end": {
            "line": 26,
            "column": 79
          }
        },
        "line": 26
      }
    },
    "branchMap": {
      "0": {
        "loc": {
          "start": {
            "line": 11,
            "column": 23
          },
          "end": {
            "line": 11,
            "column": 90
          }
        },
        "type": "binary-expr",
        "locations": [
          {
            "start": {
              "line": 11,
              "column": 23
            },
            "end": {
              "line": 11,
              "column": 51
            }
          },
          {
            "start": {
              "line": 11,
              "column": 55
            },
            "end": {
              "line": 11,
              "column": 90
            }
          }
        ],
        "line": 11
      },
      "1": {
        "loc": {
          "start": {
            "line": 21,
            "column": 13
          },
          "end": {
            "line": 21,
            "column": 44
          }
        },
        "type": "binary-expr",
        "locations": [
          {
            "start": {
              "line": 21,
              "column": 13
            },
            "end": {
              "line": 21,
              "column": 23
            }
          },
          {
            "start": {
              "line": 21,
              "column": 27
            },
            "end": {
              "line": 21,
              "column": 44
            }
          }
        ],
        "line": 21
      },
      "2": {
        "loc": {
          "start": {
            "line": 30,
            "column": 13
          },
          "end": {
            "line": 30,
            "column": 57
          }
        },
        "type": "binary-expr",
        "locations": [
          {
            "start": {
              "line": 30,
              "column": 13
            },
            "end": {
              "line": 30,
              "column": 23
            }
          },
          {
            "start": {
              "line": 30,
              "column": 27
            },
            "end": {
              "line": 30,
              "column": 57
            }
          }
        ],
        "line": 30
      },
      "3": {
        "loc": {
          "start": {
            "line": 32,
            "column": 13
          },
          "end": {
            "line": 32,
            "column": 61
          }
        },
        "type": "binary-expr",
        "locations": [
          {
            "start": {
              "line": 32,
              "column": 13
            },
            "end": {
              "line": 32,
              "column": 23
            }
          },
          {
            "start": {
              "line": 32,
              "column": 27
            },
            "end": {
              "line": 32,
              "column": 61
            }
          }
        ],
        "line": 32
      }
    },
    "s": {
      "0": 90,
      "1": 90,
      "2": 90,
      "3": 90,
      "4": 90,
      "5": 90,
      "6": 0
    },
    "f": {
      "0": 90,
      "1": 85,
      "2": 0
    },
    "b": {
      "0": [
        90,
        54
      ],
      "1": [
        90,
        5
      ],
      "2": [
        90,
        5
      ],
      "3": [
        90,
        5
      ]
    },
    "_coverageSchema": "1a1c01bbd47fc00a2c39e90264f33305004495a9",
    "hash": "0216d05ab6525066d62663a57f809cb526ec4ca7"
  },
  "/Users/wishnuhazmi/Coding/PPL/markaz-pillar-fe/src/ProtectedRoutes.js": {
    "path": "/Users/wishnuhazmi/Coding/PPL/markaz-pillar-fe/src/ProtectedRoutes.js",
    "statementMap": {
      "0": {
        "start": {
          "line": 6,
          "column": 18
        },
        "end": {
          "line": 6,
          "column": 53
        }
      },
      "1": {
        "start": {
          "line": 6,
          "column": 24
        },
        "end": {
          "line": 6,
          "column": 53
        }
      },
      "2": {
        "start": {
          "line": 10,
          "column": 22
        },
        "end": {
          "line": 10,
          "column": 37
        }
      },
      "3": {
        "start": {
          "line": 11,
          "column": 32
        },
        "end": {
          "line": 11,
          "column": 37
        }
      },
      "4": {
        "start": {
          "line": 12,
          "column": 20
        },
        "end": {
          "line": 12,
          "column": 63
        }
      },
      "5": {
        "start": {
          "line": 17,
          "column": 29
        },
        "end": {
          "line": 17,
          "column": 80
        }
      },
      "6": {
        "start": {
          "line": 19,
          "column": 4
        },
        "end": {
          "line": 21,
          "column": 5
        }
      },
      "7": {
        "start": {
          "line": 20,
          "column": 8
        },
        "end": {
          "line": 20,
          "column": 38
        }
      },
      "8": {
        "start": {
          "line": 23,
          "column": 4
        },
        "end": {
          "line": 23,
          "column": 20
        }
      }
    },
    "fnMap": {
      "0": {
        "name": "(anonymous_0)",
        "decl": {
          "start": {
            "line": 6,
            "column": 18
          },
          "end": {
            "line": 6,
            "column": 19
          }
        },
        "loc": {
          "start": {
            "line": 6,
            "column": 24
          },
          "end": {
            "line": 6,
            "column": 53
          }
        },
        "line": 6
      },
      "1": {
        "name": "ProtectedRoute",
        "decl": {
          "start": {
            "line": 8,
            "column": 24
          },
          "end": {
            "line": 8,
            "column": 38
          }
        },
        "loc": {
          "start": {
            "line": 8,
            "column": 61
          },
          "end": {
            "line": 24,
            "column": 1
          }
        },
        "line": 8
      }
    },
    "branchMap": {
      "0": {
        "loc": {
          "start": {
            "line": 19,
            "column": 4
          },
          "end": {
            "line": 21,
            "column": 5
          }
        },
        "type": "if",
        "locations": [
          {
            "start": {
              "line": 19,
              "column": 4
            },
            "end": {
              "line": 21,
              "column": 5
            }
          },
          {
            "start": {
              "line": 19,
              "column": 4
            },
            "end": {
              "line": 21,
              "column": 5
            }
          }
        ],
        "line": 19
      },
      "1": {
        "loc": {
          "start": {
            "line": 19,
            "column": 8
          },
          "end": {
            "line": 19,
            "column": 54
          }
        },
        "type": "binary-expr",
        "locations": [
          {
            "start": {
              "line": 19,
              "column": 8
            },
            "end": {
              "line": 19,
              "column": 19
            }
          },
          {
            "start": {
              "line": 19,
              "column": 23
            },
            "end": {
              "line": 19,
              "column": 31
            }
          },
          {
            "start": {
              "line": 19,
              "column": 35
            },
            "end": {
              "line": 19,
              "column": 54
            }
          }
        ],
        "line": 19
      }
    },
    "s": {
      "0": 70,
      "1": 90,
      "2": 90,
      "3": 90,
      "4": 90,
      "5": 90,
      "6": 90,
      "7": 0,
      "8": 90
    },
    "f": {
      "0": 90,
      "1": 90
    },
    "b": {
      "0": [
        0,
        90
      ],
      "1": [
        90,
        90,
        84
      ]
    },
    "_coverageSchema": "1a1c01bbd47fc00a2c39e90264f33305004495a9",
    "hash": "3f50d3c18e32d7554cb851934a3d07c9a286e912"
  },
  "/Users/wishnuhazmi/Coding/PPL/markaz-pillar-fe/src/theme.js": {
    "path": "/Users/wishnuhazmi/Coding/PPL/markaz-pillar-fe/src/theme.js",
    "statementMap": {
      "0": {
        "start": {
          "line": 3,
          "column": 21
        },
        "end": {
          "line": 32,
          "column": 4
        }
      }
    },
    "fnMap": {},
    "branchMap": {},
    "s": {
      "0": 70
    },
    "f": {},
    "b": {},
    "_coverageSchema": "1a1c01bbd47fc00a2c39e90264f33305004495a9",
    "hash": "72b9cea62226e444f6502004a30c6910cf5301ef"
  },
  "/Users/wishnuhazmi/Coding/PPL/markaz-pillar-fe/src/pages/_app.js": {
    "path": "/Users/wishnuhazmi/Coding/PPL/markaz-pillar-fe/src/pages/_app.js",
    "statementMap": {
      "0": {
        "start": {
          "line": 10,
          "column": 2
        },
        "end": {
          "line": 20,
          "column": 3
        }
      }
    },
    "fnMap": {
      "0": {
        "name": "MyApp",
        "decl": {
          "start": {
            "line": 9,
            "column": 9
          },
          "end": {
            "line": 9,
            "column": 14
          }
        },
        "loc": {
          "start": {
            "line": 9,
            "column": 49
          },
          "end": {
            "line": 21,
            "column": 1
          }
        },
        "line": 9
      }
    },
    "branchMap": {},
    "s": {
      "0": 70
    },
    "f": {
      "0": 70
    },
    "b": {},
    "_coverageSchema": "1a1c01bbd47fc00a2c39e90264f33305004495a9",
    "hash": "1f57975a11f8094ddf5ed5dfcaaa1a980ea9344a"
  },
  "/Users/wishnuhazmi/Coding/PPL/markaz-pillar-fe/src/component/modules/Copyright.jsx": {
    "path": "/Users/wishnuhazmi/Coding/PPL/markaz-pillar-fe/src/component/modules/Copyright.jsx",
    "statementMap": {
      "0": {
        "start": {
          "line": 6,
          "column": 2
        },
        "end": {
          "line": 15,
          "column": 4
        }
      }
    },
    "fnMap": {
      "0": {
        "name": "Copyright",
        "decl": {
          "start": {
            "line": 5,
            "column": 24
          },
          "end": {
            "line": 5,
            "column": 33
          }
        },
        "loc": {
          "start": {
            "line": 5,
            "column": 41
          },
          "end": {
            "line": 16,
            "column": 1
          }
        },
        "line": 5
      }
    },
    "branchMap": {},
    "s": {
      "0": 1319
    },
    "f": {
      "0": 1319
    },
    "b": {},
    "_coverageSchema": "1a1c01bbd47fc00a2c39e90264f33305004495a9",
    "hash": "f02f6ba8966288c61c6b8c4592a132bf11f3ec7f"
  },
  "/Users/wishnuhazmi/Coding/PPL/markaz-pillar-fe/src/axiosInstances.js": {
    "path": "/Users/wishnuhazmi/Coding/PPL/markaz-pillar-fe/src/axiosInstances.js",
    "statementMap": {
      "0": {
        "start": {
          "line": 3,
          "column": 17
        },
        "end": {
          "line": 3,
          "column": 53
        }
      },
      "1": {
        "start": {
          "line": 5,
          "column": 0
        },
        "end": {
          "line": 5,
          "column": 34
        }
      },
      "2": {
        "start": {
          "line": 6,
          "column": 0
        },
        "end": {
          "line": 6,
          "column": 65
        }
      },
      "3": {
        "start": {
          "line": 8,
          "column": 25
        },
        "end": {
          "line": 14,
          "column": 2
        }
      },
      "4": {
        "start": {
          "line": 16,
          "column": 29
        },
        "end": {
          "line": 21,
          "column": 2
        }
      }
    },
    "fnMap": {},
    "branchMap": {},
    "s": {
      "0": 65,
      "1": 65,
      "2": 65,
      "3": 65,
      "4": 65
    },
    "f": {},
    "b": {},
    "_coverageSchema": "1a1c01bbd47fc00a2c39e90264f33305004495a9",
    "hash": "5a7ea63ff0a551d5552c59cdd225b661c8dcebf2"
  },
  "/Users/wishnuhazmi/Coding/PPL/markaz-pillar-fe/src/pages/registration.js": {
    "path": "/Users/wishnuhazmi/Coding/PPL/markaz-pillar-fe/src/pages/registration.js",
    "statementMap": {
      "0": {
        "start": {
          "line": 29,
          "column": 17
        },
        "end": {
          "line": 29,
          "column": 53
        }
      },
      "1": {
        "start": {
          "line": 32,
          "column": 19
        },
        "end": {
          "line": 32,
          "column": 30
        }
      },
      "2": {
        "start": {
          "line": 34,
          "column": 32
        },
        "end": {
          "line": 34,
          "column": 47
        }
      },
      "3": {
        "start": {
          "line": 35,
          "column": 28
        },
        "end": {
          "line": 35,
          "column": 33
        }
      },
      "4": {
        "start": {
          "line": 37,
          "column": 30
        },
        "end": {
          "line": 44,
          "column": 6
        }
      },
      "5": {
        "start": {
          "line": 45,
          "column": 30
        },
        "end": {
          "line": 53,
          "column": 6
        }
      },
      "6": {
        "start": {
          "line": 55,
          "column": 25
        },
        "end": {
          "line": 65,
          "column": 5
        }
      },
      "7": {
        "start": {
          "line": 56,
          "column": 32
        },
        "end": {
          "line": 56,
          "column": 38
        }
      },
      "8": {
        "start": {
          "line": 57,
          "column": 8
        },
        "end": {
          "line": 60,
          "column": 12
        }
      },
      "9": {
        "start": {
          "line": 57,
          "column": 28
        },
        "end": {
          "line": 60,
          "column": 9
        }
      },
      "10": {
        "start": {
          "line": 61,
          "column": 8
        },
        "end": {
          "line": 64,
          "column": 12
        }
      },
      "11": {
        "start": {
          "line": 61,
          "column": 27
        },
        "end": {
          "line": 64,
          "column": 9
        }
      },
      "12": {
        "start": {
          "line": 67,
          "column": 25
        },
        "end": {
          "line": 103,
          "column": 5
        }
      },
      "13": {
        "start": {
          "line": 68,
          "column": 8
        },
        "end": {
          "line": 68,
          "column": 31
        }
      },
      "14": {
        "start": {
          "line": 71,
          "column": 8
        },
        "end": {
          "line": 102,
          "column": 14
        }
      },
      "15": {
        "start": {
          "line": 74,
          "column": 16
        },
        "end": {
          "line": 74,
          "column": 51
        }
      },
      "16": {
        "start": {
          "line": 75,
          "column": 35
        },
        "end": {
          "line": 75,
          "column": 78
        }
      },
      "17": {
        "start": {
          "line": 76,
          "column": 16
        },
        "end": {
          "line": 84,
          "column": 19
        }
      },
      "18": {
        "start": {
          "line": 88,
          "column": 16
        },
        "end": {
          "line": 88,
          "column": 58
        }
      },
      "19": {
        "start": {
          "line": 89,
          "column": 16
        },
        "end": {
          "line": 92,
          "column": 19
        }
      },
      "20": {
        "start": {
          "line": 89,
          "column": 34
        },
        "end": {
          "line": 92,
          "column": 17
        }
      },
      "21": {
        "start": {
          "line": 93,
          "column": 16
        },
        "end": {
          "line": 100,
          "column": 17
        }
      },
      "22": {
        "start": {
          "line": 94,
          "column": 20
        },
        "end": {
          "line": 99,
          "column": 22
        }
      },
      "23": {
        "start": {
          "line": 105,
          "column": 4
        },
        "end": {
          "line": 105,
          "column": 31
        }
      },
      "24": {
        "start": {
          "line": 106,
          "column": 4
        },
        "end": {
          "line": 110,
          "column": 29
        }
      },
      "25": {
        "start": {
          "line": 107,
          "column": 8
        },
        "end": {
          "line": 109,
          "column": 9
        }
      },
      "26": {
        "start": {
          "line": 108,
          "column": 12
        },
        "end": {
          "line": 108,
          "column": 35
        }
      },
      "27": {
        "start": {
          "line": 111,
          "column": 28
        },
        "end": {
          "line": 111,
          "column": 43
        }
      },
      "28": {
        "start": {
          "line": 112,
          "column": 36
        },
        "end": {
          "line": 114,
          "column": 5
        }
      },
      "29": {
        "start": {
          "line": 113,
          "column": 8
        },
        "end": {
          "line": 113,
          "column": 22
        }
      },
      "30": {
        "start": {
          "line": 116,
          "column": 4
        },
        "end": {
          "line": 286,
          "column": 6
        }
      }
    },
    "fnMap": {
      "0": {
        "name": "Registration",
        "decl": {
          "start": {
            "line": 31,
            "column": 24
          },
          "end": {
            "line": 31,
            "column": 36
          }
        },
        "loc": {
          "start": {
            "line": 31,
            "column": 39
          },
          "end": {
            "line": 287,
            "column": 1
          }
        },
        "line": 31
      },
      "1": {
        "name": "(anonymous_1)",
        "decl": {
          "start": {
            "line": 55,
            "column": 25
          },
          "end": {
            "line": 55,
            "column": 26
          }
        },
        "loc": {
          "start": {
            "line": 55,
            "column": 41
          },
          "end": {
            "line": 65,
            "column": 5
          }
        },
        "line": 55
      },
      "2": {
        "name": "(anonymous_2)",
        "decl": {
          "start": {
            "line": 57,
            "column": 17
          },
          "end": {
            "line": 57,
            "column": 18
          }
        },
        "loc": {
          "start": {
            "line": 57,
            "column": 28
          },
          "end": {
            "line": 60,
            "column": 9
          }
        },
        "line": 57
      },
      "3": {
        "name": "(anonymous_3)",
        "decl": {
          "start": {
            "line": 61,
            "column": 18
          },
          "end": {
            "line": 61,
            "column": 19
          }
        },
        "loc": {
          "start": {
            "line": 61,
            "column": 27
          },
          "end": {
            "line": 64,
            "column": 9
          }
        },
        "line": 61
      },
      "4": {
        "name": "(anonymous_4)",
        "decl": {
          "start": {
            "line": 67,
            "column": 25
          },
          "end": {
            "line": 67,
            "column": 26
          }
        },
        "loc": {
          "start": {
            "line": 67,
            "column": 42
          },
          "end": {
            "line": 103,
            "column": 5
          }
        },
        "line": 67
      },
      "5": {
        "name": "(anonymous_5)",
        "decl": {
          "start": {
            "line": 73,
            "column": 18
          },
          "end": {
            "line": 73,
            "column": 19
          }
        },
        "loc": {
          "start": {
            "line": 73,
            "column": 30
          },
          "end": {
            "line": 86,
            "column": 13
          }
        },
        "line": 73
      },
      "6": {
        "name": "(anonymous_6)",
        "decl": {
          "start": {
            "line": 87,
            "column": 19
          },
          "end": {
            "line": 87,
            "column": 20
          }
        },
        "loc": {
          "start": {
            "line": 87,
            "column": 28
          },
          "end": {
            "line": 102,
            "column": 13
          }
        },
        "line": 87
      },
      "7": {
        "name": "(anonymous_7)",
        "decl": {
          "start": {
            "line": 89,
            "column": 25
          },
          "end": {
            "line": 89,
            "column": 26
          }
        },
        "loc": {
          "start": {
            "line": 89,
            "column": 34
          },
          "end": {
            "line": 92,
            "column": 17
          }
        },
        "line": 89
      },
      "8": {
        "name": "(anonymous_8)",
        "decl": {
          "start": {
            "line": 106,
            "column": 14
          },
          "end": {
            "line": 106,
            "column": 15
          }
        },
        "loc": {
          "start": {
            "line": 106,
            "column": 20
          },
          "end": {
            "line": 110,
            "column": 5
          }
        },
        "line": 106
      },
      "9": {
        "name": "(anonymous_9)",
        "decl": {
          "start": {
            "line": 112,
            "column": 36
          },
          "end": {
            "line": 112,
            "column": 37
          }
        },
        "loc": {
          "start": {
            "line": 112,
            "column": 42
          },
          "end": {
            "line": 114,
            "column": 5
          }
        },
        "line": 112
      }
    },
    "branchMap": {
      "0": {
        "loc": {
          "start": {
            "line": 93,
            "column": 16
          },
          "end": {
            "line": 100,
            "column": 17
          }
        },
        "type": "if",
        "locations": [
          {
            "start": {
              "line": 93,
              "column": 16
            },
            "end": {
              "line": 100,
              "column": 17
            }
          },
          {
            "start": {
              "line": 93,
              "column": 16
            },
            "end": {
              "line": 100,
              "column": 17
            }
          }
        ],
        "line": 93
      },
      "1": {
        "loc": {
          "start": {
            "line": 107,
            "column": 8
          },
          "end": {
            "line": 109,
            "column": 9
          }
        },
        "type": "if",
        "locations": [
          {
            "start": {
              "line": 107,
              "column": 8
            },
            "end": {
              "line": 109,
              "column": 9
            }
          },
          {
            "start": {
              "line": 107,
              "column": 8
            },
            "end": {
              "line": 109,
              "column": 9
            }
          }
        ],
        "line": 107
      },
      "2": {
        "loc": {
          "start": {
            "line": 168,
            "column": 39
          },
          "end": {
            "line": 168,
            "column": 145
          }
        },
        "type": "binary-expr",
        "locations": [
          {
            "start": {
              "line": 168,
              "column": 40
            },
            "end": {
              "line": 168,
              "column": 62
            }
          },
          {
            "start": {
              "line": 168,
              "column": 66
            },
            "end": {
              "line": 168,
              "column": 88
            }
          },
          {
            "start": {
              "line": 168,
              "column": 94
            },
            "end": {
              "line": 168,
              "column": 116
            }
          },
          {
            "start": {
              "line": 168,
              "column": 120
            },
            "end": {
              "line": 168,
              "column": 144
            }
          }
        ],
        "line": 168
      },
      "3": {
        "loc": {
          "start": {
            "line": 169,
            "column": 44
          },
          "end": {
            "line": 169,
            "column": 197
          }
        },
        "type": "binary-expr",
        "locations": [
          {
            "start": {
              "line": 169,
              "column": 45
            },
            "end": {
              "line": 169,
              "column": 56
            }
          },
          {
            "start": {
              "line": 169,
              "column": 60
            },
            "end": {
              "line": 169,
              "column": 82
            }
          },
          {
            "start": {
              "line": 169,
              "column": 87
            },
            "end": {
              "line": 169,
              "column": 129
            }
          },
          {
            "start": {
              "line": 169,
              "column": 134
            },
            "end": {
              "line": 169,
              "column": 145
            }
          },
          {
            "start": {
              "line": 169,
              "column": 149
            },
            "end": {
              "line": 169,
              "column": 173
            }
          },
          {
            "start": {
              "line": 169,
              "column": 177
            },
            "end": {
              "line": 169,
              "column": 196
            }
          }
        ],
        "line": 169
      },
      "4": {
        "loc": {
          "start": {
            "line": 182,
            "column": 39
          },
          "end": {
            "line": 182,
            "column": 157
          }
        },
        "type": "binary-expr",
        "locations": [
          {
            "start": {
              "line": 182,
              "column": 40
            },
            "end": {
              "line": 182,
              "column": 65
            }
          },
          {
            "start": {
              "line": 182,
              "column": 69
            },
            "end": {
              "line": 182,
              "column": 94
            }
          },
          {
            "start": {
              "line": 182,
              "column": 100
            },
            "end": {
              "line": 182,
              "column": 125
            }
          },
          {
            "start": {
              "line": 182,
              "column": 129
            },
            "end": {
              "line": 182,
              "column": 156
            }
          }
        ],
        "line": 182
      },
      "5": {
        "loc": {
          "start": {
            "line": 183,
            "column": 44
          },
          "end": {
            "line": 183,
            "column": 208
          }
        },
        "type": "binary-expr",
        "locations": [
          {
            "start": {
              "line": 183,
              "column": 45
            },
            "end": {
              "line": 183,
              "column": 59
            }
          },
          {
            "start": {
              "line": 183,
              "column": 63
            },
            "end": {
              "line": 183,
              "column": 88
            }
          },
          {
            "start": {
              "line": 183,
              "column": 93
            },
            "end": {
              "line": 183,
              "column": 131
            }
          },
          {
            "start": {
              "line": 183,
              "column": 136
            },
            "end": {
              "line": 183,
              "column": 150
            }
          },
          {
            "start": {
              "line": 183,
              "column": 154
            },
            "end": {
              "line": 183,
              "column": 181
            }
          },
          {
            "start": {
              "line": 183,
              "column": 185
            },
            "end": {
              "line": 183,
              "column": 207
            }
          }
        ],
        "line": 183
      },
      "6": {
        "loc": {
          "start": {
            "line": 196,
            "column": 39
          },
          "end": {
            "line": 196,
            "column": 157
          }
        },
        "type": "binary-expr",
        "locations": [
          {
            "start": {
              "line": 196,
              "column": 40
            },
            "end": {
              "line": 196,
              "column": 65
            }
          },
          {
            "start": {
              "line": 196,
              "column": 69
            },
            "end": {
              "line": 196,
              "column": 94
            }
          },
          {
            "start": {
              "line": 196,
              "column": 100
            },
            "end": {
              "line": 196,
              "column": 125
            }
          },
          {
            "start": {
              "line": 196,
              "column": 129
            },
            "end": {
              "line": 196,
              "column": 156
            }
          }
        ],
        "line": 196
      },
      "7": {
        "loc": {
          "start": {
            "line": 197,
            "column": 44
          },
          "end": {
            "line": 197,
            "column": 216
          }
        },
        "type": "binary-expr",
        "locations": [
          {
            "start": {
              "line": 197,
              "column": 45
            },
            "end": {
              "line": 197,
              "column": 59
            }
          },
          {
            "start": {
              "line": 197,
              "column": 63
            },
            "end": {
              "line": 197,
              "column": 88
            }
          },
          {
            "start": {
              "line": 197,
              "column": 93
            },
            "end": {
              "line": 197,
              "column": 135
            }
          },
          {
            "start": {
              "line": 197,
              "column": 140
            },
            "end": {
              "line": 197,
              "column": 154
            }
          },
          {
            "start": {
              "line": 197,
              "column": 158
            },
            "end": {
              "line": 197,
              "column": 185
            }
          },
          {
            "start": {
              "line": 197,
              "column": 189
            },
            "end": {
              "line": 197,
              "column": 215
            }
          }
        ],
        "line": 197
      },
      "8": {
        "loc": {
          "start": {
            "line": 210,
            "column": 39
          },
          "end": {
            "line": 210,
            "column": 157
          }
        },
        "type": "binary-expr",
        "locations": [
          {
            "start": {
              "line": 210,
              "column": 40
            },
            "end": {
              "line": 210,
              "column": 65
            }
          },
          {
            "start": {
              "line": 210,
              "column": 69
            },
            "end": {
              "line": 210,
              "column": 94
            }
          },
          {
            "start": {
              "line": 210,
              "column": 100
            },
            "end": {
              "line": 210,
              "column": 125
            }
          },
          {
            "start": {
              "line": 210,
              "column": 129
            },
            "end": {
              "line": 210,
              "column": 156
            }
          }
        ],
        "line": 210
      },
      "9": {
        "loc": {
          "start": {
            "line": 211,
            "column": 44
          },
          "end": {
            "line": 211,
            "column": 216
          }
        },
        "type": "binary-expr",
        "locations": [
          {
            "start": {
              "line": 211,
              "column": 45
            },
            "end": {
              "line": 211,
              "column": 59
            }
          },
          {
            "start": {
              "line": 211,
              "column": 63
            },
            "end": {
              "line": 211,
              "column": 88
            }
          },
          {
            "start": {
              "line": 211,
              "column": 93
            },
            "end": {
              "line": 211,
              "column": 135
            }
          },
          {
            "start": {
              "line": 211,
              "column": 140
            },
            "end": {
              "line": 211,
              "column": 154
            }
          },
          {
            "start": {
              "line": 211,
              "column": 158
            },
            "end": {
              "line": 211,
              "column": 185
            }
          },
          {
            "start": {
              "line": 211,
              "column": 189
            },
            "end": {
              "line": 211,
              "column": 215
            }
          }
        ],
        "line": 211
      },
      "10": {
        "loc": {
          "start": {
            "line": 225,
            "column": 39
          },
          "end": {
            "line": 225,
            "column": 153
          }
        },
        "type": "binary-expr",
        "locations": [
          {
            "start": {
              "line": 225,
              "column": 40
            },
            "end": {
              "line": 225,
              "column": 64
            }
          },
          {
            "start": {
              "line": 225,
              "column": 68
            },
            "end": {
              "line": 225,
              "column": 92
            }
          },
          {
            "start": {
              "line": 225,
              "column": 98
            },
            "end": {
              "line": 225,
              "column": 122
            }
          },
          {
            "start": {
              "line": 225,
              "column": 126
            },
            "end": {
              "line": 225,
              "column": 152
            }
          }
        ],
        "line": 225
      },
      "11": {
        "loc": {
          "start": {
            "line": 226,
            "column": 44
          },
          "end": {
            "line": 226,
            "column": 194
          }
        },
        "type": "binary-expr",
        "locations": [
          {
            "start": {
              "line": 226,
              "column": 45
            },
            "end": {
              "line": 226,
              "column": 58
            }
          },
          {
            "start": {
              "line": 226,
              "column": 62
            },
            "end": {
              "line": 226,
              "column": 86
            }
          },
          {
            "start": {
              "line": 226,
              "column": 91
            },
            "end": {
              "line": 226,
              "column": 121
            }
          },
          {
            "start": {
              "line": 226,
              "column": 126
            },
            "end": {
              "line": 226,
              "column": 139
            }
          },
          {
            "start": {
              "line": 226,
              "column": 143
            },
            "end": {
              "line": 226,
              "column": 169
            }
          },
          {
            "start": {
              "line": 226,
              "column": 173
            },
            "end": {
              "line": 226,
              "column": 193
            }
          }
        ],
        "line": 226
      },
      "12": {
        "loc": {
          "start": {
            "line": 232,
            "column": 39
          },
          "end": {
            "line": 232,
            "column": 93
          }
        },
        "type": "binary-expr",
        "locations": [
          {
            "start": {
              "line": 232,
              "column": 39
            },
            "end": {
              "line": 232,
              "column": 64
            }
          },
          {
            "start": {
              "line": 232,
              "column": 68
            },
            "end": {
              "line": 232,
              "column": 93
            }
          }
        ],
        "line": 232
      },
      "13": {
        "loc": {
          "start": {
            "line": 237,
            "column": 42
          },
          "end": {
            "line": 237,
            "column": 68
          }
        },
        "type": "cond-expr",
        "locations": [
          {
            "start": {
              "line": 237,
              "column": 49
            },
            "end": {
              "line": 237,
              "column": 55
            }
          },
          {
            "start": {
              "line": 237,
              "column": 58
            },
            "end": {
              "line": 237,
              "column": 68
            }
          }
        ],
        "line": 237
      },
      "14": {
        "loc": {
          "start": {
            "line": 249,
            "column": 49
          },
          "end": {
            "line": 249,
            "column": 90
          }
        },
        "type": "cond-expr",
        "locations": [
          {
            "start": {
              "line": 249,
              "column": 56
            },
            "end": {
              "line": 249,
              "column": 73
            }
          },
          {
            "start": {
              "line": 249,
              "column": 76
            },
            "end": {
              "line": 249,
              "column": 90
            }
          }
        ],
        "line": 249
      },
      "15": {
        "loc": {
          "start": {
            "line": 257,
            "column": 33
          },
          "end": {
            "line": 260,
            "column": 53
          }
        },
        "type": "binary-expr",
        "locations": [
          {
            "start": {
              "line": 257,
              "column": 33
            },
            "end": {
              "line": 257,
              "column": 58
            }
          },
          {
            "start": {
              "line": 257,
              "column": 62
            },
            "end": {
              "line": 257,
              "column": 87
            }
          },
          {
            "start": {
              "line": 258,
              "column": 36
            },
            "end": {
              "line": 260,
              "column": 53
            }
          }
        ],
        "line": 257
      }
    },
    "s": {
      "0": 37,
      "1": 1055,
      "2": 1055,
      "3": 1055,
      "4": 1055,
      "5": 1055,
      "6": 1055,
      "7": 994,
      "8": 994,
      "9": 994,
      "10": 994,
      "11": 994,
      "12": 1055,
      "13": 12,
      "14": 12,
      "15": 6,
      "16": 6,
      "17": 6,
      "18": 6,
      "19": 6,
      "20": 6,
      "21": 6,
      "22": 6,
      "23": 1055,
      "24": 1055,
      "25": 43,
      "26": 6,
      "27": 1055,
      "28": 1055,
      "29": 6,
      "30": 1055
    },
    "f": {
      "0": 1055,
      "1": 994,
      "2": 994,
      "3": 994,
      "4": 12,
      "5": 6,
      "6": 6,
      "7": 6,
      "8": 43,
      "9": 6
    },
    "b": {
      "0": [
        6,
        0
      ],
      "1": [
        6,
        37
      ],
      "2": [
        1055,
        0,
        1055,
        0
      ],
      "3": [
        1055,
        0,
        0,
        1055,
        0,
        0
      ],
      "4": [
        1055,
        0,
        1055,
        0
      ],
      "5": [
        1055,
        0,
        0,
        1055,
        0,
        0
      ],
      "6": [
        1055,
        0,
        1055,
        0
      ],
      "7": [
        1055,
        0,
        0,
        1055,
        0,
        0
      ],
      "8": [
        1055,
        0,
        1055,
        0
      ],
      "9": [
        1055,
        0,
        0,
        1055,
        0,
        0
      ],
      "10": [
        1055,
        0,
        1055,
        0
      ],
      "11": [
        1055,
        0,
        0,
        1055,
        0,
        0
      ],
      "12": [
        1055,
        114
      ],
      "13": [
        3,
        1052
      ],
      "14": [
        3,
        1052
      ],
      "15": [
        1055,
        114,
        84
      ]
    },
    "_coverageSchema": "1a1c01bbd47fc00a2c39e90264f33305004495a9",
    "hash": "a5232a1ab4f82365805950f2a7b6cf26951fb708"
  },
  "/Users/wishnuhazmi/Coding/PPL/markaz-pillar-fe/src/pages/landing.js": {
    "path": "/Users/wishnuhazmi/Coding/PPL/markaz-pillar-fe/src/pages/landing.js",
    "statementMap": {
      "0": {
        "start": {
          "line": 11,
          "column": 18
        },
        "end": {
          "line": 48,
          "column": 3
        }
      },
      "1": {
        "start": {
          "line": 11,
          "column": 41
        },
        "end": {
          "line": 48,
          "column": 1
        }
      },
      "2": {
        "start": {
          "line": 51,
          "column": 18
        },
        "end": {
          "line": 51,
          "column": 29
        }
      },
      "3": {
        "start": {
          "line": 52,
          "column": 16
        },
        "end": {
          "line": 52,
          "column": 26
        }
      },
      "4": {
        "start": {
          "line": 53,
          "column": 23
        },
        "end": {
          "line": 53,
          "column": 64
        }
      },
      "5": {
        "start": {
          "line": 54,
          "column": 22
        },
        "end": {
          "line": 54,
          "column": 63
        }
      },
      "6": {
        "start": {
          "line": 56,
          "column": 2
        },
        "end": {
          "line": 229,
          "column": 3
        }
      }
    },
    "fnMap": {
      "0": {
        "name": "(anonymous_0)",
        "decl": {
          "start": {
            "line": 11,
            "column": 29
          },
          "end": {
            "line": 11,
            "column": 30
          }
        },
        "loc": {
          "start": {
            "line": 11,
            "column": 41
          },
          "end": {
            "line": 48,
            "column": 1
          }
        },
        "line": 11
      },
      "1": {
        "name": "Home",
        "decl": {
          "start": {
            "line": 50,
            "column": 24
          },
          "end": {
            "line": 50,
            "column": 28
          }
        },
        "loc": {
          "start": {
            "line": 50,
            "column": 31
          },
          "end": {
            "line": 230,
            "column": 1
          }
        },
        "line": 50
      }
    },
    "branchMap": {
      "0": {
        "loc": {
          "start": {
            "line": 76,
            "column": 47
          },
          "end": {
            "line": 76,
            "column": 82
          }
        },
        "type": "cond-expr",
        "locations": [
          {
            "start": {
              "line": 76,
              "column": 60
            },
            "end": {
              "line": 76,
              "column": 65
            }
          },
          {
            "start": {
              "line": 76,
              "column": 66
            },
            "end": {
              "line": 76,
              "column": 82
            }
          }
        ],
        "line": 76
      },
      "1": {
        "loc": {
          "start": {
            "line": 112,
            "column": 47
          },
          "end": {
            "line": 112,
            "column": 82
          }
        },
        "type": "cond-expr",
        "locations": [
          {
            "start": {
              "line": 112,
              "column": 60
            },
            "end": {
              "line": 112,
              "column": 65
            }
          },
          {
            "start": {
              "line": 112,
              "column": 66
            },
            "end": {
              "line": 112,
              "column": 82
            }
          }
        ],
        "line": 112
      },
      "2": {
        "loc": {
          "start": {
            "line": 146,
            "column": 47
          },
          "end": {
            "line": 146,
            "column": 82
          }
        },
        "type": "cond-expr",
        "locations": [
          {
            "start": {
              "line": 146,
              "column": 60
            },
            "end": {
              "line": 146,
              "column": 65
            }
          },
          {
            "start": {
              "line": 146,
              "column": 66
            },
            "end": {
              "line": 146,
              "column": 82
            }
          }
        ],
        "line": 146
      },
      "3": {
        "loc": {
          "start": {
            "line": 178,
            "column": 47
          },
          "end": {
            "line": 178,
            "column": 82
          }
        },
        "type": "cond-expr",
        "locations": [
          {
            "start": {
              "line": 178,
              "column": 60
            },
            "end": {
              "line": 178,
              "column": 65
            }
          },
          {
            "start": {
              "line": 178,
              "column": 66
            },
            "end": {
              "line": 178,
              "column": 82
            }
          }
        ],
        "line": 178
      }
    },
    "s": {
      "0": 5,
      "1": 5,
      "2": 10,
      "3": 10,
      "4": 10,
      "5": 10,
      "6": 10
    },
    "f": {
      "0": 5,
      "1": 10
    },
    "b": {
      "0": [
        0,
        10
      ],
      "1": [
        0,
        10
      ],
      "2": [
        0,
        10
      ],
      "3": [
        0,
        10
      ]
    },
    "_coverageSchema": "1a1c01bbd47fc00a2c39e90264f33305004495a9",
    "hash": "b62527c893e4c6e180211ebc708e15b204240de7"
  },
  "/Users/wishnuhazmi/Coding/PPL/markaz-pillar-fe/src/pages/index.js": {
    "path": "/Users/wishnuhazmi/Coding/PPL/markaz-pillar-fe/src/pages/index.js",
    "statementMap": {
      "0": {
        "start": {
          "line": 5,
          "column": 17
        },
        "end": {
          "line": 5,
          "column": 28
        }
      },
      "1": {
        "start": {
          "line": 7,
          "column": 2
        },
        "end": {
          "line": 9,
          "column": 14
        }
      },
      "2": {
        "start": {
          "line": 8,
          "column": 4
        },
        "end": {
          "line": 8,
          "column": 32
        }
      },
      "3": {
        "start": {
          "line": 10,
          "column": 2
        },
        "end": {
          "line": 14,
          "column": 3
        }
      }
    },
    "fnMap": {
      "0": {
        "name": "Home",
        "decl": {
          "start": {
            "line": 4,
            "column": 24
          },
          "end": {
            "line": 4,
            "column": 28
          }
        },
        "loc": {
          "start": {
            "line": 4,
            "column": 31
          },
          "end": {
            "line": 15,
            "column": 1
          }
        },
        "line": 4
      },
      "1": {
        "name": "(anonymous_1)",
        "decl": {
          "start": {
            "line": 7,
            "column": 12
          },
          "end": {
            "line": 7,
            "column": 13
          }
        },
        "loc": {
          "start": {
            "line": 7,
            "column": 18
          },
          "end": {
            "line": 9,
            "column": 3
          }
        },
        "line": 7
      }
    },
    "branchMap": {},
    "s": {
      "0": 0,
      "1": 0,
      "2": 0,
      "3": 0
    },
    "f": {
      "0": 0,
      "1": 0
    },
    "b": {},
    "_coverageSchema": "1a1c01bbd47fc00a2c39e90264f33305004495a9",
    "hash": "619b0b13f55bfdd796109a330eafad914ad09db3"
  },
  "/Users/wishnuhazmi/Coding/PPL/markaz-pillar-fe/src/pages/login.js": {
    "path": "/Users/wishnuhazmi/Coding/PPL/markaz-pillar-fe/src/pages/login.js",
    "statementMap": {
      "0": {
        "start": {
          "line": 31,
          "column": 17
        },
        "end": {
          "line": 31,
          "column": 28
        }
      },
      "1": {
        "start": {
          "line": 33,
          "column": 30
        },
        "end": {
          "line": 33,
          "column": 45
        }
      },
      "2": {
        "start": {
          "line": 34,
          "column": 26
        },
        "end": {
          "line": 34,
          "column": 31
        }
      },
      "3": {
        "start": {
          "line": 37,
          "column": 28
        },
        "end": {
          "line": 40,
          "column": 4
        }
      },
      "4": {
        "start": {
          "line": 41,
          "column": 28
        },
        "end": {
          "line": 41,
          "column": 43
        }
      },
      "5": {
        "start": {
          "line": 43,
          "column": 23
        },
        "end": {
          "line": 50,
          "column": 3
        }
      },
      "6": {
        "start": {
          "line": 44,
          "column": 28
        },
        "end": {
          "line": 44,
          "column": 34
        }
      },
      "7": {
        "start": {
          "line": 45,
          "column": 4
        },
        "end": {
          "line": 48,
          "column": 8
        }
      },
      "8": {
        "start": {
          "line": 45,
          "column": 24
        },
        "end": {
          "line": 48,
          "column": 5
        }
      },
      "9": {
        "start": {
          "line": 49,
          "column": 4
        },
        "end": {
          "line": 49,
          "column": 20
        }
      },
      "10": {
        "start": {
          "line": 53,
          "column": 23
        },
        "end": {
          "line": 77,
          "column": 3
        }
      },
      "11": {
        "start": {
          "line": 54,
          "column": 4
        },
        "end": {
          "line": 54,
          "column": 27
        }
      },
      "12": {
        "start": {
          "line": 55,
          "column": 4
        },
        "end": {
          "line": 76,
          "column": 8
        }
      },
      "13": {
        "start": {
          "line": 58,
          "column": 8
        },
        "end": {
          "line": 58,
          "column": 43
        }
      },
      "14": {
        "start": {
          "line": 59,
          "column": 27
        },
        "end": {
          "line": 59,
          "column": 70
        }
      },
      "15": {
        "start": {
          "line": 60,
[...]
          },
          "end": {
            "line": 64,
            "column": 7
          }
        },
        "line": 62
      },
      "5": {
        "name": "(anonymous_5)",
        "decl": {
          "start": {
            "line": 68,
            "column": 18
          },
          "end": {
            "line": 68,
            "column": 19
          }
        },
        "loc": {
          "start": {
            "line": 68,
            "column": 35
          },
          "end": {
            "line": 83,
            "column": 3
          }
        },
        "line": 68
      },
      "6": {
        "name": "(anonymous_6)",
        "decl": {
          "start": {
            "line": 78,
            "column": 11
          },
          "end": {
            "line": 78,
            "column": 12
          }
        },
        "loc": {
          "start": {
            "line": 78,
            "column": 28
          },
          "end": {
            "line": 82,
            "column": 5
          }
        },
        "line": 78
      },
      "7": {
        "name": "(anonymous_7)",
        "decl": {
          "start": {
            "line": 79,
            "column": 30
          },
          "end": {
            "line": 79,
            "column": 31
          }
        },
        "loc": {
          "start": {
            "line": 79,
            "column": 40
          },
          "end": {
            "line": 81,
            "column": 7
          }
        },
        "line": 79
      },
      "8": {
        "name": "(anonymous_8)",
        "decl": {
          "start": {
            "line": 93,
            "column": 15
          },
          "end": {
            "line": 93,
            "column": 16
          }
        },
        "loc": {
          "start": {
            "line": 93,
            "column": 21
          },
          "end": {
            "line": 93,
            "column": 38
          }
        },
        "line": 93
      },
      "9": {
        "name": "(anonymous_9)",
        "decl": {
          "start": {
            "line": 106,
            "column": 15
          },
          "end": {
            "line": 106,
            "column": 16
          }
        },
        "loc": {
          "start": {
            "line": 106,
            "column": 21
          },
          "end": {
            "line": 106,
            "column": 39
          }
        },
        "line": 106
      }
    },
    "branchMap": {
      "0": {
        "loc": {
          "start": {
            "line": 133,
            "column": 9
          },
          "end": {
            "line": 150,
            "column": 9
          }
        },
        "type": "cond-expr",
        "locations": [
          {
            "start": {
              "line": 134,
              "column": 10
            },
            "end": {
              "line": 139,
              "column": 12
            }
          },
          {
            "start": {
              "line": 141,
              "column": 10
            },
            "end": {
              "line": 149,
              "column": 12
            }
          }
        ],
        "line": 133
      }
    },
    "s": {
      "0": 5,
      "1": 0,
      "2": 0,
      "3": 0,
      "4": 0,
      "5": 0,
      "6": 0,
      "7": 0,
      "8": 0,
      "9": 0,
      "10": 0,
      "11": 0,
      "12": 0,
      "13": 0,
      "14": 0,
      "15": 0,
      "16": 0,
      "17": 0,
      "18": 0,
      "19": 0,
      "20": 0,
      "21": 0,
      "22": 0,
      "23": 0,
      "24": 0,
      "25": 0,
      "26": 0,
      "27": 0,
      "28": 0,
      "29": 0,
      "30": 0
    },
    "f": {
      "0": 0,
      "1": 0,
      "2": 0,
      "3": 0,
      "4": 0,
      "5": 0,
      "6": 0,
      "7": 0,
      "8": 0,
      "9": 0
    },
    "b": {
      "0": [
        0,
        0
      ]
    },
    "_coverageSchema": "1a1c01bbd47fc00a2c39e90264f33305004495a9",
    "hash": "0f1c69f280d078def67fd279be349fb389d5fc82"
  },
  "/Users/wishnuhazmi/Coding/PPL/markaz-pillar-fe/src/pages/api/__coverage__.js": {
    "path": "/Users/wishnuhazmi/Coding/PPL/markaz-pillar-fe/src/pages/api/__coverage__.js",
    "statementMap": {
      "0": {
        "start": {
          "line": 1,
          "column": 0
        },
        "end": {
          "line": 1,
          "column": 68
        }
      }
    },
    "fnMap": {},
    "branchMap": {},
    "s": {
      "0": 5
    },
    "f": {},
    "b": {},
    "_coverageSchema": "1a1c01bbd47fc00a2c39e90264f33305004495a9",
    "hash": "d864eddedbbfef359345521e13fdbec98f040611"
  },
  "/Users/wishnuhazmi/Coding/PPL/markaz-pillar-fe/src/pages/markaz/index.js": {
    "path": "/Users/wishnuhazmi/Coding/PPL/markaz-pillar-fe/src/pages/markaz/index.js",
    "statementMap": {
      "0": {
        "start": {
          "line": 6,
          "column": 17
        },
        "end": {
          "line": 6,
          "column": 53
        }
      },
      "1": {
        "start": {
          "line": 9,
          "column": 19
        },
        "end": {
          "line": 9,
          "column": 59
        }
      },
      "2": {
        "start": {
          "line": 10,
          "column": 15
        },
        "end": {
          "line": 10,
          "column": 36
        }
      },
      "3": {
        "start": {
          "line": 11,
          "column": 17
        },
        "end": {
          "line": 11,
          "column": 28
        }
      },
      "4": {
        "start": {
          "line": 12,
          "column": 2
        },
        "end": {
          "line": 16,
          "column": 4
        }
      },
      "5": {
        "start": {
          "line": 20,
          "column": 21
        },
        "end": {
          "line": 20,
          "column": 26
        }
      },
      "6": {
        "start": {
          "line": 21,
          "column": 26
        },
        "end": {
          "line": 21,
          "column": 37
        }
      },
      "7": {
        "start": {
          "line": 23,
          "column": 38
        },
        "end": {
          "line": 23,
          "column": 50
        }
      },
      "8": {
        "start": {
          "line": 25,
          "column": 28
        },
        "end": {
          "line": 25,
          "column": 40
        }
      },
      "9": {
        "start": {
          "line": 27,
          "column": 3
        },
        "end": {
          "line": 27,
          "column": 32
        }
      },
      "10": {
        "start": {
          "line": 28,
          "column": 2
        },
        "end": {
          "line": 66,
          "column": 3
        }
      },
      "11": {
        "start": {
          "line": 29,
          "column": 4
        },
        "end": {
          "line": 29,
          "column": 29
        }
      },
      "12": {
        "start": {
          "line": 31,
          "column": 4
        },
        "end": {
          "line": 65,
          "column": 6
        }
      },
      "13": {
        "start": {
          "line": 43,
          "column": 12
        },
        "end": {
          "line": 49,
          "column": 13
        }
      },
      "14": {
        "start": {
          "line": 44,
          "column": 14
        },
        "end": {
          "line": 44,
          "column": 25
        }
      },
      "15": {
        "start": {
          "line": 45,
          "column": 19
        },
        "end": {
          "line": 49,
          "column": 13
        }
      },
      "16": {
        "start": {
          "line": 48,
          "column": 14
        },
        "end": {
          "line": 48,
          "column": 25
        }
      },
      "17": {
        "start": {
          "line": 52,
          "column": 12
        },
        "end": {
          "line": 62,
          "column": 14
        }
      }
    },
    "fnMap": {
      "0": {
        "name": "getStaticProps",
        "decl": {
          "start": {
            "line": 8,
            "column": 22
          },
          "end": {
            "line": 8,
            "column": 36
          }
        },
        "loc": {
          "start": {
            "line": 8,
            "column": 41
          },
          "end": {
            "line": 17,
            "column": 1
          }
        },
        "line": 8
      },
      "1": {
        "name": "MarkazLayout",
        "decl": {
          "start": {
            "line": 19,
            "column": 24
          },
          "end": {
            "line": 19,
            "column": 36
          }
        },
        "loc": {
          "start": {
            "line": 19,
            "column": 44
          },
          "end": {
            "line": 67,
            "column": 1
          }
        },
        "line": 19
      },
      "2": {
        "name": "(anonymous_2)",
        "decl": {
          "start": {
            "line": 42,
            "column": 18
          },
          "end": {
            "line": 42,
            "column": 19
          }
        },
        "loc": {
          "start": {
            "line": 42,
            "column": 27
          },
          "end": {
            "line": 50,
            "column": 11
          }
        },
        "line": 42
      },
      "3": {
        "name": "(anonymous_3)",
        "decl": {
          "start": {
            "line": 51,
            "column": 15
          },
          "end": {
            "line": 51,
            "column": 16
          }
        },
        "loc": {
          "start": {
            "line": 52,
            "column": 12
          },
          "end": {
            "line": 62,
            "column": 14
          }
        },
        "line": 52
      }
    },
    "branchMap": {
      "0": {
        "loc": {
          "start": {
            "line": 28,
            "column": 2
          },
          "end": {
            "line": 66,
            "column": 3
          }
        },
        "type": "if",
        "locations": [
          {
            "start": {
              "line": 28,
              "column": 2
            },
            "end": {
              "line": 66,
              "column": 3
            }
          },
          {
            "start": {
              "line": 28,
              "column": 2
            },
            "end": {
              "line": 66,
              "column": 3
            }
          }
        ],
        "line": 28
      },
      "1": {
        "loc": {
          "start": {
            "line": 43,
            "column": 12
          },
          "end": {
            "line": 49,
            "column": 13
          }
        },
        "type": "if",
        "locations": [
          {
            "start": {
              "line": 43,
              "column": 12
            },
            "end": {
              "line": 49,
              "column": 13
            }
          },
          {
            "start": {
              "line": 43,
              "column": 12
            },
            "end": {
              "line": 49,
              "column": 13
            }
          }
        ],
        "line": 43
      },
      "2": {
        "loc": {
          "start": {
            "line": 45,
            "column": 19
          },
          "end": {
            "line": 49,
            "column": 13
          }
        },
        "type": "if",
        "locations": [
          {
            "start": {
              "line": 45,
              "column": 19
            },
            "end": {
              "line": 49,
              "column": 13
            }
          },
          {
            "start": {
              "line": 45,
              "column": 19
            },
            "end": {
              "line": 49,
              "column": 13
            }
          }
        ],
        "line": 45
      }
    },
    "s": {
      "0": 3,
      "1": 0,
      "2": 0,
      "3": 0,
      "4": 0,
      "5": 0,
      "6": 0,
      "7": 0,
      "8": 0,
      "9": 0,
      "10": 0,
      "11": 0,
      "12": 0,
      "13": 0,
      "14": 0,
      "15": 0,
      "16": 0,
      "17": 0
    },
    "f": {
      "0": 0,
      "1": 0,
      "2": 0,
      "3": 0
    },
    "b": {
      "0": [
        0,
        0
      ],
      "1": [
        0,
        0
      ],
      "2": [
        0,
        0
      ]
    },
    "_coverageSchema": "1a1c01bbd47fc00a2c39e90264f33305004495a9",
    "hash": "461402d235efde2d4f8dfc717ae1afc829ae8615"
  },
  "/Users/wishnuhazmi/Coding/PPL/markaz-pillar-fe/src/pages/santri/index.jsx": {
    "path": "/Users/wishnuhazmi/Coding/PPL/markaz-pillar-fe/src/pages/santri/index.jsx",
    "statementMap": {
      "0": {
        "start": {
          "line": 6,
          "column": 17
        },
        "end": {
          "line": 6,
          "column": 53
        }
      },
      "1": {
        "start": {
          "line": 9,
          "column": 19
        },
        "end": {
          "line": 9,
          "column": 59
        }
      },
      "2": {
        "start": {
          "line": 10,
          "column": 15
        },
        "end": {
          "line": 10,
          "column": 36
        }
      },
      "3": {
        "start": {
          "line": 11,
          "column": 18
        },
        "end": {
          "line": 11,
          "column": 29
        }
      },
      "4": {
        "start": {
          "line": 12,
          "column": 2
        },
        "end": {
          "line": 16,
          "column": 4
        }
      },
      "5": {
        "start": {
          "line": 20,
          "column": 20
        },
        "end": {
          "line": 20,
          "column": 25
        }
      },
      "6": {
        "start": {
          "line": 21,
          "column": 26
        },
        "end": {
          "line": 21,
          "column": 37
        }
      },
      "7": {
        "start": {
          "line": 23,
          "column": 38
        },
        "end": {
          "line": 23,
          "column": 50
        }
      },
      "8": {
        "start": {
          "line": 25,
          "column": 28
        },
        "end": {
          "line": 25,
          "column": 40
        }
      },
      "9": {
        "start": {
          "line": 28,
          "column": 2
        },
        "end": {
          "line": 64,
          "column": 3
        }
      },
      "10": {
        "start": {
          "line": 29,
          "column": 4
        },
        "end": {
          "line": 31,
          "column": 5
        }
      },
      "11": {
        "start": {
          "line": 33,
          "column": 4
        },
        "end": {
          "line": 63,
          "column": 6
        }
      },
      "12": {
        "start": {
          "line": 44,
          "column": 10
        },
        "end": {
          "line": 48,
          "column": 11
        }
      },
      "13": {
        "start": {
          "line": 45,
          "column": 12
        },
        "end": {
          "line": 45,
          "column": 22
        }
      },
      "14": {
        "start": {
          "line": 46,
          "column": 17
        },
        "end": {
          "line": 48,
          "column": 11
        }
      },
      "15": {
        "start": {
          "line": 47,
          "column": 12
        },
        "end": {
          "line": 47,
          "column": 22
        }
      },
      "16": {
        "start": {
          "line": 50,
          "column": 10
        },
        "end": {
          "line": 60,
          "column": 12
        }
      }
    },
    "fnMap": {
      "0": {
        "name": "getStaticProps",
        "decl": {
          "start": {
            "line": 8,
            "column": 22
          },
          "end": {
            "line": 8,
            "column": 36
          }
        },
        "loc": {
          "start": {
            "line": 8,
            "column": 41
          },
          "end": {
            "line": 17,
            "column": 1
          }
        },
        "line": 8
      },
      "1": {
        "name": "SantriLayout",
        "decl": {
          "start": {
            "line": 19,
            "column": 24
          },
          "end": {
            "line": 19,
            "column": 36
          }
        },
        "loc": {
          "start": {
            "line": 19,
            "column": 44
          },
          "end": {
            "line": 65,
            "column": 1
          }
        },
        "line": 19
      },
      "2": {
        "name": "(anonymous_2)",
        "decl": {
          "start": {
            "line": 43,
            "column": 24
          },
          "end": {
            "line": 43,
            "column": 25
          }
        },
        "loc": {
          "start": {
            "line": 43,
            "column": 31
          },
          "end": {
            "line": 49,
            "column": 9
          }
        },
        "line": 43
      },
      "3": {
        "name": "(anonymous_3)",
        "decl": {
          "start": {
            "line": 49,
            "column": 15
          },
          "end": {
            "line": 49,
            "column": 16
          }
        },
        "loc": {
          "start": {
            "line": 50,
            "column": 10
          },
          "end": {
            "line": 60,
            "column": 12
          }
        },
        "line": 50
      }
    },
    "branchMap": {
      "0": {
        "loc": {
          "start": {
            "line": 28,
            "column": 2
          },
          "end": {
            "line": 64,
            "column": 3
          }
        },
        "type": "if",
        "locations": [
          {
            "start": {
              "line": 28,
              "column": 2
            },
            "end": {
              "line": 64,
              "column": 3
            }
          },
          {
            "start": {
              "line": 28,
              "column": 2
            },
            "end": {
              "line": 64,
              "column": 3
            }
          }
        ],
        "line": 28
      },
      "1": {
        "loc": {
          "start": {
            "line": 44,
            "column": 10
          },
          "end": {
            "line": 48,
            "column": 11
          }
        },
        "type": "if",
        "locations": [
          {
            "start": {
              "line": 44,
              "column": 10
            },
            "end": {
              "line": 48,
              "column": 11
            }
          },
          {
            "start": {
              "line": 44,
              "column": 10
            },
            "end": {
              "line": 48,
              "column": 11
            }
          }
        ],
        "line": 44
      },
      "2": {
        "loc": {
          "start": {
            "line": 46,
            "column": 17
          },
          "end": {
            "line": 48,
            "column": 11
          }
        },
        "type": "if",
        "locations": [
          {
            "start": {
              "line": 46,
              "column": 17
            },
            "end": {
              "line": 48,
              "column": 11
            }
          },
          {
            "start": {
              "line": 46,
              "column": 17
            },
            "end": {
              "line": 48,
              "column": 11
            }
          }
        ],
        "line": 46
      }
    },
    "s": {
      "0": 3,
      "1": 0,
      "2": 0,
      "3": 0,
      "4": 0,
      "5": 0,
      "6": 0,
      "7": 0,
      "8": 0,
      "9": 0,
      "10": 0,
      "11": 0,
      "12": 0,
      "13": 0,
      "14": 0,
      "15": 0,
      "16": 0
    },
    "f": {
      "0": 0,
      "1": 0,
      "2": 0,
      "3": 0
    },
    "b": {
      "0": [
        0,
        0
      ],
      "1": [
        0,
        0
      ],
      "2": [
        0,
        0
      ]
    },
    "_coverageSchema": "1a1c01bbd47fc00a2c39e90264f33305004495a9",
    "hash": "20cf8a172016e8b9d86fffd0348c3da2698d6bf2"
  }
}