<?xml version="1.0" encoding="UTF-8"?>
<testsuites name="Mocha Tests" time="4.8920" tests="5" failures="0">
  <testsuite name="Root Suite" timestamp="2021-10-08T15:09:00" tests="0" file="cypress/integration/registration.spec.js" time="0.0000" failures="0">
  </testsuite>
  <testsuite name="Test it is in the correct page" timestamp="2021-10-08T15:09:00" tests="2" time="1.8610" failures="0">
    <testcase name="Test it is in the correct page Test if registration.js contains &quot;Daftarkan diri anda&quot; or not" time="0.8980" classname="Test if registration.js contains &quot;Daftarkan diri anda&quot; or not">
    </testcase>
    <testcase name="Test it is in the correct page Test if registration.js contains &quot;hi&quot; or not" time="0.9630" classname="Test if registration.js contains &quot;hi&quot; or not">
    </testcase>
  </testsuite>
  <testsuite name="Test it has all the fields" timestamp="2021-10-08T15:09:03" tests="1" time="0.5780" failures="0">
    <testcase name="Test it has all the fields Test if registration.js contains all fields" time="0.5780" classname="Test if registration.js contains all fields">
    </testcase>
  </testsuite>
  <testsuite name="Navigation" timestamp="2021-10-08T15:09:04" tests="2" time="2.4530" failures="0">
    <testcase name="Navigation Should navigate to the login.js page" time="1.3810" classname="Should navigate to the login.js page">
    </testcase>
    <testcase name="Navigation Should not navigate to the landing page" time="1.0720" classname="Should not navigate to the landing page">
    </testcase>
  </testsuite>
</testsuites>