<?xml version="1.0" encoding="UTF-8"?>
<testsuites name="Mocha Tests" time="7.6340" tests="5" failures="0">
  <testsuite name="Root Suite" timestamp="2021-10-08T15:08:45" tests="0" file="cypress/integration/login.spec.js" time="0.0000" failures="0">
  </testsuite>
  <testsuite name="Test it is in the correct page" timestamp="2021-10-08T15:08:45" tests="2" time="4.4760" failures="0">
    <testcase name="Test it is in the correct page Test if login.js contains &quot;Masuk ke akun anda&quot; or not" time="3.5340" classname="Test if login.js contains &quot;Masuk ke akun anda&quot; or not">
    </testcase>
    <testcase name="Test it is in the correct page Test if login.js contains &quot;hi&quot; or not" time="0.9420" classname="Test if login.js contains &quot;hi&quot; or not">
    </testcase>
  </testsuite>
  <testsuite name="Test it has all the fields" timestamp="2021-10-08T15:08:51" tests="1" time="0.5400" failures="0">
    <testcase name="Test it has all the fields Test if login.js contains all fields" time="0.5400" classname="Test if login.js contains all fields">
    </testcase>
  </testsuite>
  <testsuite name="Navigation" timestamp="2021-10-08T15:08:51" tests="2" time="2.6180" failures="0">
    <testcase name="Navigation Should navigate to the registration.js page" time="1.3410" classname="Should navigate to the registration.js page">
    </testcase>
    <testcase name="Navigation Should not navigate to the landing page" time="1.2770" classname="Should not navigate to the landing page">
    </testcase>
  </testsuite>
</testsuites>